\BOOKMARK [1][-]{section.1}{\376\377\001\020\036\267\000c\000\040\000t\036\243\000\040\000d\036\361\000\040\000\341\000n}{}% 1
\BOOKMARK [2][-]{subsection.1.1}{\376\377\000B\036\321\000i\000\040\000c\036\243\000n\000h\000\040\000d\036\361\000\040\000\341\000n}{section.1}% 2
\BOOKMARK [2][-]{subsection.1.2}{\376\377\000C\000\341\000c\000\040\000b\000\352\000n\000\040\000l\000i\000\352\000n\000\040\000q\000u\000a\000n\000\040\000c\036\347\000a\000\040\000d\036\361\000\040\000\341\000n\000\040\000\050\000S\000t\000a\000k\000e\000h\000o\000l\000d\000e\000r\000s\000\051}{section.1}% 3
\BOOKMARK [2][-]{subsection.1.3}{\376\377\000M\036\345\000c\000\040\000t\000i\000\352\000u\000\040\000h\036\307\000\040\000t\000h\036\321\000n\000g}{section.1}% 4
\BOOKMARK [2][-]{subsection.1.4}{\376\377\000P\000h\036\241\000m\000\040\000v\000i\000\040\000d\036\361\000\040\000\341\000n}{section.1}% 5
\BOOKMARK [1][-]{section.2}{\376\377\000C\000\341\000c\000\040\000y\000\352\000u\000\040\000c\036\247\000u\000\040\000c\000h\036\351\000c\000\040\000n\001\003\000n\000g}{}% 6
\BOOKMARK [2][-]{subsection.2.1}{\376\377\000U\000s\000e\000-\000c\000a\000s\000e\000\040\000d\000i\000a\000g\000r\000a\000m\000\040\000c\000h\000o\000\040\000t\000o\000\340\000n\000\040\000b\036\331\000\040\000h\036\307\000\040\000t\000h\036\321\000n\000g}{section.2}% 7
\BOOKMARK [2][-]{subsection.2.2}{\376\377\000Q\000u\036\243\000n\000\040\000t\000r\036\313\000\040\000H\036\307\000\040\000t\000h\036\321\000n\000g\000\040\000v\000\340\000\040\000T\000\355\000c\000h\000\040\000h\036\343\000p}{section.2}% 8
\BOOKMARK [3][-]{subsubsection.2.2.1}{\376\377\000T\036\325\000n\000g\000\040\000q\000u\000a\000n}{subsection.2.2}% 9
\BOOKMARK [3][-]{subsubsection.2.2.2}{\376\377\000U\000s\000e\000-\000c\000a\000s\000e\000\040\000d\000i\000a\000g\000r\000a\000m}{subsection.2.2}% 10
\BOOKMARK [3][-]{subsubsection.2.2.3}{\376\377\000U\000s\000e\000-\000c\000a\000s\000e\000\040\000S\000c\000e\000n\000a\000r\000i\000o\000s}{subsection.2.2}% 11
\BOOKMARK [2][-]{subsection.2.3}{\376\377\000Q\000u\036\243\000n\000\040\000l\000\375\000\040\000k\000i\036\303\000m\000\040\000s\000o\000\341\000t\000\040\000r\000a\000\040\000v\000\340\000o}{section.2}% 12
\BOOKMARK [3][-]{subsubsection.2.3.1}{\376\377\000T\036\325\000n\000g\000\040\000q\000u\000a\000n}{subsection.2.3}% 13
\BOOKMARK [3][-]{subsubsection.2.3.2}{\376\377\000U\000s\000e\000-\000c\000a\000s\000e\000\040\000d\000i\000a\000g\000r\000a\000m}{subsection.2.3}% 14
\BOOKMARK [3][-]{subsubsection.2.3.3}{\376\377\000U\000s\000e\000-\000c\000a\000s\000e\000\040\000s\000c\000e\000n\000a\000r\000i\000o\000s}{subsection.2.3}% 15
\BOOKMARK [2][-]{subsection.2.4}{\376\377\000G\000i\000\341\000m\000\040\000s\000\341\000t\000\040\000I\000o\000T\000\040\000v\000\340\000\040\000t\000r\036\241\000n\000g\000\040\000t\000h\000\341\000i\000\040\000b\000\343\000i\000\040\001\021\036\327}{section.2}% 16
\BOOKMARK [3][-]{subsubsection.2.4.1}{\376\377\000T\036\325\000n\000g\000\040\000q\000u\000a\000n}{subsection.2.4}% 17
\BOOKMARK [3][-]{subsubsection.2.4.2}{\376\377\000U\000s\000e\000-\000c\000a\000s\000e\000\040\000d\000i\000a\000g\000r\000a\000m}{subsection.2.4}% 18
\BOOKMARK [3][-]{subsubsection.2.4.3}{\376\377\000U\000s\000e\000-\000c\000a\000s\000e\000\040\000s\000c\000e\000n\000a\000r\000i\000o\000s}{subsection.2.4}% 19
\BOOKMARK [2][-]{subsection.2.5}{\376\377\001\020\000i\036\301\000u\000\040\000h\001\260\036\333\000n\000g\000\040\000G\000i\000a\000o\000\040\000t\000h\000\364\000n\000g}{section.2}% 20
\BOOKMARK [3][-]{subsubsection.2.5.1}{\376\377\000T\036\325\000n\000g\000\040\000q\000u\000a\000n}{subsection.2.5}% 21
\BOOKMARK [3][-]{subsubsection.2.5.2}{\376\377\000U\000s\000e\000-\000c\000a\000s\000e\000\040\000d\000i\000a\000g\000r\000a\000m}{subsection.2.5}% 22
\BOOKMARK [3][-]{subsubsection.2.5.3}{\376\377\000U\000s\000e\000-\000c\000a\000s\000e\000\040\000s\000c\000e\000n\000a\000r\000i\000o\000s}{subsection.2.5}% 23
\BOOKMARK [2][-]{subsection.2.6}{\376\377\000Q\000u\036\243\000n\000\040\000l\000\375\000\040\000T\000\355\000n\000h\000\040\000p\000h\000\355\000\040\000v\000\340\000\040\000T\000h\000a\000n\000h\000\040\000t\000o\000\341\000n}{section.2}% 24
\BOOKMARK [3][-]{subsubsection.2.6.1}{\376\377\000T\036\325\000n\000g\000\040\000q\000u\000a\000n}{subsection.2.6}% 25
\BOOKMARK [3][-]{subsubsection.2.6.2}{\376\377\000U\000s\000e\000-\000c\000a\000s\000e\000\040\000d\000i\000a\000g\000r\000a\000m}{subsection.2.6}% 26
\BOOKMARK [3][-]{subsubsection.2.6.3}{\376\377\000U\000s\000e\000-\000c\000a\000s\000e\000\040\000s\000c\000e\000n\000a\000r\000i\000o\000s}{subsection.2.6}% 27
\BOOKMARK [2][-]{subsection.2.7}{\376\377\000C\000\341\000c\000\040\000y\000\352\000u\000\040\000c\036\247\000u\000\040\000c\000h\036\351\000c\000\040\000n\001\003\000n\000g\000\040\000p\000h\000i\000\040\000t\001\260\001\241\000n\000g\000\040\000t\000\341\000c}{section.2}% 28
\BOOKMARK [3][-]{subsubsection.2.7.1}{\376\377\000T\036\325\000n\000g\000\040\000q\000u\000a\000n}{subsection.2.7}% 29
\BOOKMARK [3][-]{subsubsection.2.7.2}{\376\377\000U\000s\000e\000-\000c\000a\000s\000e\000\040\000d\000i\000a\000g\000r\000a\000m}{subsection.2.7}% 30
\BOOKMARK [3][-]{subsubsection.2.7.3}{\376\377\000U\000s\000e\000-\000c\000a\000s\000e\000\040\000s\000c\000e\000n\000a\000r\000i\000o\000s}{subsection.2.7}% 31
\BOOKMARK [3][-]{subsubsection.2.7.4}{\376\377\000U\000s\000e\000-\000c\000a\000s\000e\000\040\000d\000i\000a\000g\000r\000a\000m}{subsection.2.7}% 32
\BOOKMARK [3][-]{subsubsection.2.7.5}{\376\377\000U\000s\000e\000-\000c\000a\000s\000e\000\040\000s\000c\000e\000n\000a\000r\000i\000o\000s}{subsection.2.7}% 33
\BOOKMARK [1][-]{section.3}{\376\377\000C\000\341\000c\000\040\000y\000\352\000u\000\040\000c\036\247\000u\000\040\000p\000h\000i\000\040\000c\000h\036\351\000c\000\040\000n\001\003\000n\000g}{}% 34
\BOOKMARK [1][-]{section.4}{\376\377\000U\000I}{}% 35
\BOOKMARK [2][-]{subsection.4.1}{\376\377\000Q\000u\036\243\000n\000\040\000t\000r\036\313\000\040\000h\036\307\000\040\000t\000h\036\321\000n\000g\000\040\000v\000\340\000\040\000T\000\355\000c\000h\000\040\000h\036\343\000p}{section.4}% 36
\BOOKMARK [2][-]{subsection.4.2}{\376\377\000Q\000u\036\243\000n\000\040\000l\000\375\000\040\000k\000i\036\303\000m\000\040\000s\000o\000\341\000t\000\040\000r\000a\000\040\000v\000\340\000o}{section.4}% 37
\BOOKMARK [1][-]{section.5}{\376\377\000A\000c\000t\000i\000v\000i\000t\000y\000\040\000D\000i\000a\000g\000r\000a\000m}{}% 38
\BOOKMARK [2][-]{subsection.5.1}{\376\377\000Q\000u\036\243\000n\000\040\000t\000r\036\313\000\040\000H\036\307\000\040\000t\000h\036\321\000n\000g\000\040\000v\000\340\000\040\000T\000\355\000c\000h\000\040\000h\036\343\000p}{section.5}% 39
\BOOKMARK [2][-]{subsection.5.2}{\376\377\000Q\000u\036\243\000n\000\040\000l\000\375\000\040\000k\000i\036\303\000m\000\040\000s\000o\000\341\000t\000\040\000r\000a\000\040\000v\000\340\000o}{section.5}% 40
\BOOKMARK [1][-]{section.6}{\376\377\000S\000e\000q\000u\000e\000n\000c\000e\000\040\000D\000i\000a\000g\000r\000a\000m}{}% 41
\BOOKMARK [2][-]{subsection.6.1}{\376\377\000Q\000u\036\243\000n\000\040\000t\000r\036\313\000\040\000h\036\307\000\040\000t\000h\036\321\000n\000g\000\040\000v\000\340\000\040\000T\000\355\000c\000h\000\040\000h\036\343\000p}{section.6}% 42
\BOOKMARK [2][-]{subsection.6.2}{\376\377\000Q\000u\036\243\000n\000\040\000l\000\375\000\040\000k\000i\036\303\000m\000\040\000s\000o\000\341\000t\000\040\000r\000a\000\040\000v\000\340\000o}{section.6}% 43
\BOOKMARK [1][-]{section.7}{\376\377\000S\000t\000a\000t\000e\000-\000C\000h\000a\000r\000t\000\040\000D\000i\000a\000g\000r\000a\000m}{}% 44
\BOOKMARK [2][-]{subsection.7.1}{\376\377\000Q\000u\036\243\000n\000\040\000t\000r\036\313\000\040\000h\036\307\000\040\000t\000h\036\321\000n\000g\000\040\000v\000\340\000\040\000T\000\355\000c\000h\000\040\000h\036\343\000p}{section.7}% 45
\BOOKMARK [2][-]{subsection.7.2}{\376\377\000Q\000u\036\243\000n\000\040\000l\000\375\000\040\000k\000i\036\303\000m\000\040\000s\000o\000\341\000t\000\040\000r\000a\000\040\000v\000\340\000o}{section.7}% 46
