This is pdfTeX, Version 3.141592653-2.6-1.40.28 (MiKTeX 25.12) (preloaded format=pdflatex 2026.4.12)  12 APR 2026 23:25
entering extended mode
 restricted \write18 enabled.
 %&-line parsing enabled.
**./main.tex
(main.tex
LaTeX2e <2025-11-01>
L3 programming layer <2025-12-24>
(C:\Users\mtri1\AppData\Local\Programs\MiKTeX\tex/latex/base\article.cls
Document Class: article 2025/01/22 v1.4n Standard LaTeX document class
(C:\Users\mtri1\AppData\Local\Programs\MiKTeX\tex/latex/base\size10.clo
File: size10.clo 2025/01/22 v1.4n Standard LaTeX file (size option)
)
\c@part=\count275
\c@section=\count276
\c@subsection=\count277
\c@subsubsection=\count278
\c@paragraph=\count279
\c@subparagraph=\count280
\c@figure=\count281
\c@table=\count282
\abovecaptionskip=\skip49
\belowcaptionskip=\skip50
\bibindent=\dimen148
)
(C:\Users\mtri1\AppData\Local\Programs\MiKTeX\tex/latex/vntex\vntex.sty
Package: vntex 2009/07/12 v1.1 support for Vietnamese

(C:\Users\mtri1\AppData\Local\Programs\MiKTeX\tex/latex/base\ifthen.sty
Package: ifthen 2024/03/16 v1.1e Standard LaTeX ifthen package (DPC)
)
(C:\Users\mtri1\AppData\Local\Programs\MiKTeX\tex/latex/base\fontenc.sty
Package: fontenc 2025/07/18 v2.1d Standard LaTeX package

(C:\Users\mtri1\AppData\Local\Programs\MiKTeX\tex/latex/vntex\t5enc.def
File: t5enc.def 2006/11/21 v1.4 Vietnamese T5 encoding
Now handling font encoding T5 ...
... processing UTF-8 mapping file for font encoding T5

(C:\Users\mtri1\AppData\Local\Programs\MiKTeX\tex/latex/vntex\t5enc.dfu
File: t5enc.dfu 2006/08/19 v1.1 UTF8 support for Vietnamese
   defining Unicode char U+00AB (decimal 171)
   defining Unicode char U+00BB (decimal 187)
   defining Unicode char U+00C0 (decimal 192)
   defining Unicode char U+00C1 (decimal 193)
   defining Unicode char U+00C2 (decimal 194)
   defining Unicode char U+00C3 (decimal 195)
   defining Unicode char U+00C8 (decimal 200)
   defining Unicode char U+00C9 (decimal 201)
   defining Unicode char U+00CA (decimal 202)
   defining Unicode char U+00CC (decimal 204)
   defining Unicode char U+00CD (decimal 205)
   defining Unicode char U+00D2 (decimal 210)
   defining Unicode char U+00D3 (decimal 211)
   defining Unicode char U+00D4 (decimal 212)
   defining Unicode char U+00D5 (decimal 213)
   defining Unicode char U+00D9 (decimal 217)
   defining Unicode char U+00DA (decimal 218)
   defining Unicode char U+00DD (decimal 221)
   defining Unicode char U+00E0 (decimal 224)
   defining Unicode char U+00E1 (decimal 225)
   defining Unicode char U+00E2 (decimal 226)
   defining Unicode char U+00E3 (decimal 227)
   defining Unicode char U+00E8 (decimal 232)
   defining Unicode char U+00E9 (decimal 233)
   defining Unicode char U+00EA (decimal 234)
   defining Unicode char U+00EC (decimal 236)
   defining Unicode char U+00ED (decimal 237)
   defining Unicode char U+00F2 (decimal 242)
   defining Unicode char U+00F3 (decimal 243)
   defining Unicode char U+00F4 (decimal 244)
   defining Unicode char U+00F5 (decimal 245)
   defining Unicode char U+00F9 (decimal 249)
   defining Unicode char U+00FA (decimal 250)
   defining Unicode char U+00FD (decimal 253)
   defining Unicode char U+0102 (decimal 258)
   defining Unicode char U+0103 (decimal 259)
   defining Unicode char U+0110 (decimal 272)
   defining Unicode char U+0111 (decimal 273)
   defining Unicode char U+0128 (decimal 296)
   defining Unicode char U+0129 (decimal 297)
   defining Unicode char U+0131 (decimal 305)
   defining Unicode char U+0168 (decimal 360)
   defining Unicode char U+0169 (decimal 361)
   defining Unicode char U+01A0 (decimal 416)
   defining Unicode char U+01A1 (decimal 417)
   defining Unicode char U+01AF (decimal 431)
   defining Unicode char U+01B0 (decimal 432)
   defining Unicode char U+1EA0 (decimal 7840)
   defining Unicode char U+1EA1 (decimal 7841)
   defining Unicode char U+1EA2 (decimal 7842)
   defining Unicode char U+1EA3 (decimal 7843)
   defining Unicode char U+1EA4 (decimal 7844)
   defining Unicode char U+1EA5 (decimal 7845)
   defining Unicode char U+1EA6 (decimal 7846)
   defining Unicode char U+1EA7 (decimal 7847)
   defining Unicode char U+1EA8 (decimal 7848)
   defining Unicode char U+1EA9 (decimal 7849)
   defining Unicode char U+1EAA (decimal 7850)
   defining Unicode char U+1EAB (decimal 7851)
   defining Unicode char U+1EAC (decimal 7852)
   defining Unicode char U+1EAD (decimal 7853)
   defining Unicode char U+1EAE (decimal 7854)
   defining Unicode char U+1EAF (decimal 7855)
   defining Unicode char U+1EB0 (decimal 7856)
   defining Unicode char U+1EB1 (decimal 7857)
   defining Unicode char U+1EB2 (decimal 7858)
   defining Unicode char U+1EB3 (decimal 7859)
   defining Unicode char U+1EB4 (decimal 7860)
   defining Unicode char U+1EB5 (decimal 7861)
   defining Unicode char U+1EB6 (decimal 7862)
   defining Unicode char U+1EB7 (decimal 7863)
   defining Unicode char U+1EB8 (decimal 7864)
   defining Unicode char U+1EB9 (decimal 7865)
   defining Unicode char U+1EBA (decimal 7866)
   defining Unicode char U+1EBB (decimal 7867)
   defining Unicode char U+1EBC (decimal 7868)
   defining Unicode char U+1EBD (decimal 7869)
   defining Unicode char U+1EBE (decimal 7870)
   defining Unicode char U+1EBF (decimal 7871)
   defining Unicode char U+1EC0 (decimal 7872)
   defining Unicode char U+1EC1 (decimal 7873)
   defining Unicode char U+1EC2 (decimal 7874)
   defining Unicode char U+1EC3 (decimal 7875)
   defining Unicode char U+1EC4 (decimal 7876)
   defining Unicode char U+1EC5 (decimal 7877)
   defining Unicode char U+1EC6 (decimal 7878)
   defining Unicode char U+1EC7 (decimal 7879)
   defining Unicode char U+1EC8 (decimal 7880)
   defining Unicode char U+1EC9 (decimal 7881)
   defining Unicode char U+1ECA (decimal 7882)
   defining Unicode char U+1ECB (decimal 7883)
   defining Unicode char U+1ECC (decimal 7884)
   defining Unicode char U+1ECD (decimal 7885)
   defining Unicode char U+1ECE (decimal 7886)
   defining Unicode char U+1ECF (decimal 7887)
   defining Unicode char U+1ED0 (decimal 7888)
   defining Unicode char U+1ED1 (decimal 7889)
   defining Unicode char U+1ED2 (decimal 7890)
   defining Unicode char U+1ED3 (decimal 7891)
   defining Unicode char U+1ED4 (decimal 7892)
   defining Unicode char U+1ED5 (decimal 7893)
   defining Unicode char U+1ED6 (decimal 7894)
   defining Unicode char U+1ED7 (decimal 7895)
   defining Unicode char U+1ED8 (decimal 7896)
   defining Unicode char U+1ED9 (decimal 7897)
   defining Unicode char U+1EDA (decimal 7898)
   defining Unicode char U+1EDB (decimal 7899)
   defining Unicode char U+1EDC (decimal 7900)
   defining Unicode char U+1EDD (decimal 7901)
   defining Unicode char U+1EDE (decimal 7902)
   defining Unicode char U+1EDF (decimal 7903)
   defining Unicode char U+1EE0 (decimal 7904)
   defining Unicode char U+1EE1 (decimal 7905)
   defining Unicode char U+1EE2 (decimal 7906)
   defining Unicode char U+1EE3 (decimal 7907)
   defining Unicode char U+1EE4 (decimal 7908)
   defining Unicode char U+1EE5 (decimal 7909)
   defining Unicode char U+1EE6 (decimal 7910)
   defining Unicode char U+1EE7 (decimal 7911)
   defining Unicode char U+1EE8 (decimal 7912)
   defining Unicode char U+1EE9 (decimal 7913)
   defining Unicode char U+1EEA (decimal 7914)
   defining Unicode char U+1EEB (decimal 7915)
   defining Unicode char U+1EEC (decimal 7916)
   defining Unicode char U+1EED (decimal 7917)
   defining Unicode char U+1EEE (decimal 7918)
   defining Unicode char U+1EEF (decimal 7919)
   defining Unicode char U+1EF0 (decimal 7920)
   defining Unicode char U+1EF1 (decimal 7921)
   defining Unicode char U+1EF2 (decimal 7922)
   defining Unicode char U+1EF3 (decimal 7923)
   defining Unicode char U+1EF4 (decimal 7924)
   defining Unicode char U+1EF5 (decimal 7925)
   defining Unicode char U+1EF6 (decimal 7926)
   defining Unicode char U+1EF7 (decimal 7927)
   defining Unicode char U+1EF8 (decimal 7928)
   defining Unicode char U+1EF9 (decimal 7929)
   defining Unicode char U+200C (decimal 8204)
   defining Unicode char U+2013 (decimal 8211)
   defining Unicode char U+2014 (decimal 8212)
   defining Unicode char U+2018 (decimal 8216)
   defining Unicode char U+2019 (decimal 8217)
   defining Unicode char U+201A (decimal 8218)
   defining Unicode char U+201C (decimal 8220)
   defining Unicode char U+201D (decimal 8221)
   defining Unicode char U+201E (decimal 8222)
   defining Unicode char U+2030 (decimal 8240)
   defining Unicode char U+2031 (decimal 8241)
   defining Unicode char U+2039 (decimal 8249)
   defining Unicode char U+203A (decimal 8250)
   defining Unicode char U+2423 (decimal 9251)
))
LaTeX Font Info:    Trying to load font information for T5+cmr on input line 11
6.

(C:\Users\mtri1\AppData\Local\Programs\MiKTeX\tex/latex/vntex\t5cmr.fd
File: t5cmr.fd 1999/05/25 v2.5h Standard LaTeX font definitions
))

Package vntex Warning: No input encoding specified, using UTF-8 as default on i
nput line 88.

(C:\Users\mtri1\AppData\Local\Programs\MiKTeX\tex/latex/base\inputenc.sty
Package: inputenc 2024/02/08 v1.3d Input encoding file
\inpenc@prehook=\toks17
\inpenc@posthook=\toks18
)
(C:\Users\mtri1\AppData\Local\Programs\MiKTeX\tex/latex/vntex\vncaps.tex
File: vncaps.tex 2006/06/07 v1.1 Captions in Vietnamese
))
(C:\Users\mtri1\AppData\Local\Programs\MiKTeX\tex/latex/amsmath\amsmath.sty
Package: amsmath 2025/07/09 v2.17z AMS math features
\@mathmargin=\skip51

For additional information on amsmath, use the `?' option.
(C:\Users\mtri1\AppData\Local\Programs\MiKTeX\tex/latex/amsmath\amstext.sty
Package: amstext 2024/11/17 v2.01 AMS text

(C:\Users\mtri1\AppData\Local\Programs\MiKTeX\tex/latex/amsmath\amsgen.sty
File: amsgen.sty 1999/11/30 v2.0 generic functions
\@emptytoks=\toks19
\ex@=\dimen149
))
(C:\Users\mtri1\AppData\Local\Programs\MiKTeX\tex/latex/amsmath\amsbsy.sty
Package: amsbsy 1999/11/29 v1.2d Bold Symbols
\pmbraise@=\dimen150
)
(C:\Users\mtri1\AppData\Local\Programs\MiKTeX\tex/latex/amsmath\amsopn.sty
Package: amsopn 2022/04/08 v2.04 operator names
)
\inf@bad=\count283
LaTeX Info: Redefining \frac on input line 233.
\uproot@=\count284
\leftroot@=\count285
LaTeX Info: Redefining \overline on input line 398.
LaTeX Info: Redefining \colon on input line 409.
\classnum@=\count286
\DOTSCASE@=\count287
LaTeX Info: Redefining \ldots on input line 495.
LaTeX Info: Redefining \dots on input line 498.
LaTeX Info: Redefining \cdots on input line 619.
\Mathstrutbox@=\box53
\strutbox@=\box54
LaTeX Info: Redefining \big on input line 721.
LaTeX Info: Redefining \Big on input line 722.
LaTeX Info: Redefining \bigg on input line 723.
LaTeX Info: Redefining \Bigg on input line 724.
\big@size=\dimen151
LaTeX Font Info:    Redeclaring font encoding OML on input line 742.
LaTeX Font Info:    Redeclaring font encoding OMS on input line 743.
\macc@depth=\count288
LaTeX Info: Redefining \bmod on input line 904.
LaTeX Info: Redefining \pmod on input line 909.
LaTeX Info: Redefining \smash on input line 939.
LaTeX Info: Redefining \relbar on input line 969.
LaTeX Info: Redefining \Relbar on input line 970.
\c@MaxMatrixCols=\count289
\dotsspace@=\muskip17
\c@parentequation=\count290
\dspbrk@lvl=\count291
\tag@help=\toks20
\row@=\count292
\column@=\count293
\maxfields@=\count294
\andhelp@=\toks21
\eqnshift@=\dimen152
\alignsep@=\dimen153
\tagshift@=\dimen154
\tagwidth@=\dimen155
\totwidth@=\dimen156
\lineht@=\dimen157
\@envbody=\toks22
\multlinegap=\skip52
\multlinetaggap=\skip53
\mathdisplay@stack=\toks23
LaTeX Info: Redefining \[ on input line 2950.
LaTeX Info: Redefining \] on input line 2951.
)
(C:\Users\mtri1\AppData\Local\Programs\MiKTeX\tex/latex/tools\indentfirst.sty
Package: indentfirst 2023/07/02 v1.03 Indent first paragraph (DPC)
)
(C:\Users\mtri1\AppData\Local\Programs\MiKTeX\tex/latex/blindtext\blindtext.sty
Package: blindtext 2012/01/06 V2.0 blindtext-Package
(C:\Users\mtri1\AppData\Local\Programs\MiKTeX\tex/latex/tools\xspace.sty
Package: xspace 2014/10/28 v1.13 Space after command names (DPC,MH)
)
\c@blindtext=\count295
\c@Blindtext=\count296
\c@blind@countparstart=\count297
\blind@countxx=\count298
\blindtext@numBlindtext=\count299
\blind@countyy=\count300
\c@blindlist=\count301
\c@blindlistlevel=\count302
\c@blindlist@level=\count303
\blind@listitem=\count304
\c@blind@listcount=\count305
\c@blind@levelcount=\count306
\blind@mathformula=\count307
\blind@Mathformula=\count308
\c@blind@randomcount=\count309
\c@blind@randommax=\count310
\c@blind@pangramcount=\count311
\c@blind@pangrammax=\count312
)
(C:\Users\mtri1\AppData\Local\Programs\MiKTeX\tex/generic/babel\babel.sty
Package: babel 2025/12/11 v25.17 The multilingual framework for LuaLaTeX, pdfLa
TeX and XeLaTeX
\babel@savecnt=\count313
LaTeX Encoding Info:    Redeclaring text command \ij (encoding OT1) on input li
ne 2068.
LaTeX Encoding Info:    Redeclaring text command \IJ (encoding OT1) on input li
ne 2070.
LaTeX Encoding Info:    Redeclaring text command \ij (encoding T1) on input lin
e 2072.
LaTeX Encoding Info:    Redeclaring text command \IJ (encoding T1) on input lin
e 2073.
LaTeX Encoding Info:    Ignoring declaration for text command \ij (encoding ?) 
on input line 2074.
LaTeX Encoding Info:    Ignoring declaration for text command \IJ (encoding ?) 
on input line 2076.
LaTeX Encoding Info:    Ignoring declaration for text command \SS (encoding ?) 
on input line 2101.
\U@D=\dimen158
\l@unhyphenated=\language79

(C:\Users\mtri1\AppData\Local\Programs\MiKTeX\tex/generic/babel\txtbabel.def)
\bbl@readstream=\read2
\bbl@dirlevel=\count314
Package babel Info: Configuration files are deprecated, as
(babel)             they can break document portability.
(babel)             Reported on input line 4196.

*************************************
* Local config file bblopts.cfg used
*
(C:\Users\mtri1\AppData\Local\Programs\MiKTeX\tex/latex/arabi\bblopts.cfg
File: bblopts.cfg 2005/09/08 v0.1 add Arabic and Farsi to "declared" options of
 babel
)
(C:\Users\mtri1\AppData\Local\Programs\MiKTeX\tex/generic/babel/locale/en\babel
-english.tex)
Package babel Info: Importing font and identification data for english
(babel)             from babel-en.ini. Reported on input line 4320.

(C:\Users\mtri1\AppData\Local\Programs\MiKTeX\tex/latex/babel-english\english.l
df
Language: english 2017/06/06 v3.3r English support from the babel system
))
(C:\Users\mtri1\AppData\Local\Programs\MiKTeX\tex/latex/comment\comment.sty
\CommentStream=\write3

Excluding comment 'comment')
(C:\Users\mtri1\AppData\Local\Programs\MiKTeX\tex/latex/minted\minted.sty
Package: minted 2026/03/03 v3.8.0 Yet another Pygments shim for LaTeX

(C:\Users\mtri1\AppData\Local\Programs\MiKTeX\tex/generic/catchfile\catchfile.s
ty
Package: catchfile 2019/12/09 v1.8 Catch the contents of a file (HO)

(C:\Users\mtri1\AppData\Local\Programs\MiKTeX\tex/generic/infwarerr\infwarerr.s
ty
Package: infwarerr 2019/12/03 v1.5 Providing info/warning/error messages (HO)
)
(C:\Users\mtri1\AppData\Local\Programs\MiKTeX\tex/generic/ltxcmds\ltxcmds.sty
Package: ltxcmds 2023-12-04 v1.26 LaTeX kernel commands for general use (HO)
)
(C:\Users\mtri1\AppData\Local\Programs\MiKTeX\tex/generic/etexcmds\etexcmds.sty
Package: etexcmds 2019/12/15 v1.7 Avoid name clashes with e-TeX commands (HO)
(C:\Users\mtri1\AppData\Local\Programs\MiKTeX\tex/generic/iftex\iftex.sty
Package: iftex 2024/12/12 v1.0g TeX engine tests
)))
(C:\Users\mtri1\AppData\Local\Programs\MiKTeX\tex/latex/etoolbox\etoolbox.sty
Package: etoolbox 2025/10/02 v2.5m e-TeX tools for LaTeX (JAW)
\etb@tempcnta=\count315
)
(C:\Users\mtri1\AppData\Local\Programs\MiKTeX\tex/latex/fvextra\fvextra.sty
Package: fvextra 2026/02/25 v1.14.0 fvextra - extensions and patches for fancyv
rb

(C:\Users\mtri1\AppData\Local\Programs\MiKTeX\tex/latex/fancyvrb\fancyvrb.sty
Package: fancyvrb 2025/07/28 4.6 verbatim text (tvz,hv)

(C:\Users\mtri1\AppData\Local\Programs\MiKTeX\tex/latex/graphics\keyval.sty
Package: keyval 2022/05/29 v1.15 key=value parser (DPC)
\KV@toks@=\toks24
)
\FV@CodeLineNo=\count316
\FV@InFile=\read3
\FV@TabBox=\box55
\c@FancyVerbLine=\count317
\FV@StepNumber=\count318
\FV@OutFile=\write4
)
(C:\Users\mtri1\AppData\Local\Programs\MiKTeX\tex/latex/upquote\upquote.sty
Package: upquote 2012/04/19 v1.3 upright-quote and grave-accent glyphs in verba
tim

(C:\Users\mtri1\AppData\Local\Programs\MiKTeX\tex/latex/base\textcomp.sty
Package: textcomp 2024/04/24 v2.1b Standard LaTeX package
))
(C:\Users\mtri1\AppData\Local\Programs\MiKTeX\tex/latex/lineno\lineno.sty
Package: lineno 2026/03/08 line numbers on paragraphs v5.9

(C:\Users\mtri1\AppData\Local\Programs\MiKTeX\tex/latex/kvoptions\kvoptions.sty
Package: kvoptions 2022-06-15 v3.15 Key value format for package options (HO)

(C:\Users\mtri1\AppData\Local\Programs\MiKTeX\tex/latex/kvsetkeys\kvsetkeys.sty
Package: kvsetkeys 2022-10-05 v1.19 Key value parser (HO)
))
\linenopenalty=\count319
\output=\toks25
\linenoprevgraf=\count320
\linenumbersep=\dimen159
\linenumberwidth=\dimen160
\c@linenumber=\count321
\c@pagewiselinenumber=\count322
\c@LN@truepage=\count323
\c@internallinenumber=\count324
\c@internallinenumbers=\count325
\quotelinenumbersep=\dimen161
\bframerule=\dimen162
\bframesep=\dimen163
\bframebox=\box56
\@LN@amsmath@ams@eqpen=\count326
)
\c@FancyVerbWriteLine=\count327
\c@FancyVerbBufferLine=\count328
\c@FV@TrueTabGroupLevel=\count329
\c@FV@TrueTabCounter=\count330
\FV@TabBox@Group=\box57
\FV@bgcolorstructbox=\box58
\FV@TmpLength=\skip54
\c@FV@HighlightLinesStart=\count331
\c@FV@HighlightLinesStop=\count332
\FV@LoopCount=\count333
\FV@NCharsBox=\box59
\FV@BreakIndent=\dimen164
\FV@BreakIndentNChars=\count334
\FV@BreakSymbolSepLeft=\dimen165
\FV@BreakSymbolSepLeftNChars=\count335
\FV@BreakSymbolSepRight=\dimen166
\FV@BreakSymbolSepRightNChars=\count336
\FV@BreakSymbolIndentLeft=\dimen167
\FV@BreakSymbolIndentLeftNChars=\count337
\FV@BreakSymbolIndentRight=\dimen168
\FV@BreakSymbolIndentRightNChars=\count338
\c@FancyVerbLineBreakLast=\count339
\FV@LineBox=\box60
\FV@LineIndentBox=\box61
\c@FV@BreakBufferDepth=\count340
\FV@LineWidth=\dimen169
)
(C:\Users\mtri1\AppData\Local\Programs\MiKTeX\tex/latex/latex2pydata\latex2pyda
ta.sty
Package: latex2pydata 2026/02/25 v0.7.0 latex2pydata - write data to file in Py
thon literal format
)
(C:\Users\mtri1\AppData\Local\Programs\MiKTeX\tex/latex/pgf/utilities\pgfkeys.s
ty
(C:\Users\mtri1\AppData\Local\Programs\MiKTeX\tex/generic/pgf/utilities\pgfkeys
.code.tex
\pgfkeys@pathtoks=\toks26
\pgfkeys@temptoks=\toks27

(C:\Users\mtri1\AppData\Local\Programs\MiKTeX\tex/generic/pgf/utilities\pgfkeys
libraryfiltered.code.tex
\pgfkeys@tmptoks=\toks28
)))
(C:\Users\mtri1\AppData\Local\Programs\MiKTeX\tex/latex/pgfopts\pgfopts.sty
Package: pgfopts 2014/07/10 v2.1a LaTeX package options with pgfkeys
\pgfopts@list@add@a@toks=\toks29
\pgfopts@list@add@b@toks=\toks30
)
(C:\Users\mtri1\AppData\Local\Programs\MiKTeX\tex/latex/tools\shellesc.sty
Package: shellesc 2023/07/08 v1.0d unified shell escape interface for LaTeX
Package shellesc Info: Restricted shell escape enabled on input line 77.
)
(C:\Users\mtri1\AppData\Local\Programs\MiKTeX\tex/latex/float\float.sty
Package: float 2001/11/08 v1.3d Float enhancements (AL)
\c@float@type=\count341
\float@exts=\toks31
\float@box=\box62
\@float@everytoks=\toks32
\@floatcapt=\box63
)
\c@minted@FancyVerbLineTemp=\count342
\@float@every@listing=\toks33
\c@listing=\count343
)
(C:\Users\mtri1\AppData\Local\Programs\MiKTeX\tex/latex/tools\array.sty
Package: array 2025/09/25 v2.6n Tabular extension package (FMi)
\col@sep=\dimen170
\ar@mcellbox=\box64
\extrarowheight=\dimen171
\NC@list=\toks34
\extratabsurround=\skip55
\backup@length=\skip56
\ar@cellbox=\box65
)
(C:\Users\mtri1\AppData\Local\Programs\MiKTeX\tex/latex/tools\longtable.sty
Package: longtable 2025-10-13 v4.24 Multi-page Table package (DPC)
\LTleft=\skip57
\LTright=\skip58
\LTpre=\skip59
\LTpost=\skip60
\LTchunksize=\count344
\LTcapwidth=\dimen172
\LT@head=\box66
\LT@firsthead=\box67
\LT@foot=\box68
\LT@lastfoot=\box69
\LT@gbox=\box70
\LT@cols=\count345
\LT@rows=\count346
\c@LT@tables=\count347
\c@LT@chunks=\count348
\LT@p@ftn=\toks35
)
(C:\Users\mtri1\AppData\Local\Programs\MiKTeX\tex/latex/geometry\geometry.sty
Package: geometry 2026/03/07 v6.0 Page Geometry

(C:\Users\mtri1\AppData\Local\Programs\MiKTeX\tex/generic/iftex\ifvtex.sty
Package: ifvtex 2019/10/25 v1.7 ifvtex legacy package. Use iftex instead.
)
\Gm@cnth=\count349
\Gm@cntv=\count350
\c@Gm@tempcnt=\count351
\Gm@bindingoffset=\dimen173
\Gm@wd@mp=\dimen174
\Gm@odd@mp=\dimen175
\Gm@even@mp=\dimen176
\Gm@layoutwidth=\dimen177
\Gm@layoutheight=\dimen178
\Gm@layouthoffset=\dimen179
\Gm@layoutvoffset=\dimen180
\Gm@dimlist=\toks36

(C:\Users\mtri1\AppData\Local\Programs\MiKTeX\tex/latex/geometry\geometry.cfg))
(C:\Users\mtri1\AppData\Local\Programs\MiKTeX\tex/latex/a4wide\a4wide.sty
Package: a4wide 1994/08/30

(C:\Users\mtri1\AppData\Local\Programs\MiKTeX\tex/latex/ntgclass\a4.sty
Package: a4 2025/12/29 v1.2g A4 based page layout
))
(C:\Users\mtri1\AppData\Local\Programs\MiKTeX\tex/latex/amsfonts\amssymb.sty
Package: amssymb 2013/01/14 v3.01 AMS font symbols

(C:\Users\mtri1\AppData\Local\Programs\MiKTeX\tex/latex/amsfonts\amsfonts.sty
Package: amsfonts 2013/01/14 v3.01 Basic AMSFonts support
\symAMSa=\mathgroup4
\symAMSb=\mathgroup5
LaTeX Font Info:    Redeclaring math symbol \hbar on input line 98.
LaTeX Font Info:    Overwriting math alphabet `\mathfrak' in version `bold'
(Font)                  U/euf/m/n --> U/euf/b/n on input line 106.
)) (C:\Users\mtri1\AppData\Local\Programs\MiKTeX\tex/latex/graphics\epsfig.sty
Package: epsfig 2024/01/14 v1.7b (e)psfig emulation (SPQR)

(C:\Users\mtri1\AppData\Local\Programs\MiKTeX\tex/latex/graphics\graphicx.sty
Package: graphicx 2024/12/31 v1.2e Enhanced LaTeX Graphics (DPC,SPQR)

(C:\Users\mtri1\AppData\Local\Programs\MiKTeX\tex/latex/graphics\graphics.sty
Package: graphics 2024/08/06 v1.4g Standard LaTeX Graphics (DPC,SPQR)

(C:\Users\mtri1\AppData\Local\Programs\MiKTeX\tex/latex/graphics\trig.sty
Package: trig 2023/12/02 v1.11 sin cos tan (DPC)
)
(C:\Users\mtri1\AppData\Local\Programs\MiKTeX\tex/latex/graphics-cfg\graphics.c
fg
File: graphics.cfg 2016/06/04 v1.11 sample graphics configuration
)
Package graphics Info: Driver file: pdftex.def on input line 106.

(C:\Users\mtri1\AppData\Local\Programs\MiKTeX\tex/latex/graphics-def\pdftex.def
File: pdftex.def 2025/09/29 v1.2d Graphics/color driver for pdftex
))
\Gin@req@height=\dimen181
\Gin@req@width=\dimen182
)
\epsfxsize=\dimen183
\epsfysize=\dimen184
) (C:\Users\mtri1\AppData\Local\Programs\MiKTeX\tex/latex/base\latexsym.sty
Package: latexsym 1998/08/17 v2.2e Standard LaTeX package (lasy symbols)
\symlasy=\mathgroup6
LaTeX Font Info:    Overwriting symbol font `lasy' in version `bold'
(Font)                  U/lasy/m/n --> U/lasy/b/n on input line 52.
) (C:\Users\mtri1\AppData\Local\Programs\MiKTeX\tex/latex/tools\multicol.sty
Package: multicol 2025/10/21 v2.0b multicolumn formatting (FMi)
\c@tracingmulticols=\count352
\mult@box=\box71
\multicol@leftmargin=\dimen185
\c@unbalance=\count353
\c@collectmore=\count354
\doublecol@number=\count355
\multicoltolerance=\count356
\multicolpretolerance=\count357
\full@width=\dimen186
\page@free=\dimen187
\premulticols=\dimen188
\postmulticols=\dimen189
\multicolsep=\skip61
\multicolbaselineskip=\skip62
\partial@page=\box72
\last@line=\box73
\mc@boxedresult=\box74
\maxbalancingoverflow=\dimen190
\mult@rightbox=\box75
\mult@grightbox=\box76
\mult@firstbox=\box77
\mult@gfirstbox=\box78
\@tempa=\box79
\@tempa=\box80
\@tempa=\box81
\@tempa=\box82
\@tempa=\box83
\@tempa=\box84
\@tempa=\box85
\@tempa=\box86
\@tempa=\box87
\@tempa=\box88
\@tempa=\box89
\@tempa=\box90
\@tempa=\box91
\@tempa=\box92
\@tempa=\box93
\@tempa=\box94
\@tempa=\box95
\@tempa=\box96
\@tempa=\box97
\@tempa=\box98
\@tempa=\box99
\@tempa=\box100
\@tempa=\box101
\@tempa=\box102
\@tempa=\box103
\@tempa=\box104
\@tempa=\box105
\@tempa=\box106
\@tempa=\box107
\@tempa=\box108
\@tempa=\box109
\@tempa=\box110
\@tempa=\box111
\@tempa=\box112
\@tempa=\box113
\@tempa=\box114
\c@minrows=\count358
\c@columnbadness=\count359
\c@finalcolumnbadness=\count360
\last@try=\dimen191
\multicolovershoot=\dimen192
\multicolundershoot=\dimen193
\mult@nat@firstbox=\box115
\colbreak@box=\box116
\mc@col@check@num=\count361
\g__mc_curr_col_int=\count362
)
(C:\Users\mtri1\AppData\Local\Programs\MiKTeX\tex/latex/tools\hhline.sty
Package: hhline 2020/01/04 v2.04 Table rule package (DPC)
)
(C:\Users\mtri1\AppData\Local\Programs\MiKTeX\tex/latex/fancyhdr\fancyhdr.sty
Package: fancyhdr 2025/02/07 v5.2 Extensive control of page headers and footers

\f@nch@headwidth=\skip63
\f@nch@offset@elh=\skip64
\f@nch@offset@erh=\skip65
\f@nch@offset@olh=\skip66
\f@nch@offset@orh=\skip67
\f@nch@offset@elf=\skip68
\f@nch@offset@erf=\skip69
\f@nch@offset@olf=\skip70
\f@nch@offset@orf=\skip71
\f@nch@height=\skip72
\f@nch@footalignment=\skip73
\f@nch@widthL=\skip74
\f@nch@widthC=\skip75
\f@nch@widthR=\skip76
\@temptokenb=\toks37
)
(C:\Users\mtri1\AppData\Local\Programs\MiKTeX\tex/latex/booktabs\booktabs.sty
Package: booktabs 2020/01/12 v1.61803398 Publication quality tables
\heavyrulewidth=\dimen194
\lightrulewidth=\dimen195
\cmidrulewidth=\dimen196
\belowrulesep=\dimen197
\belowbottomsep=\dimen198
\aboverulesep=\dimen199
\abovetopsep=\dimen256
\cmidrulesep=\dimen257
\cmidrulekern=\dimen258
\defaultaddspace=\dimen259
\@cmidla=\count363
\@cmidlb=\count364
\@aboverulesep=\dimen260
\@belowrulesep=\dimen261
\@thisruleclass=\count365
\@lastruleclass=\count366
\@thisrulewidth=\dimen262
)
(C:\Users\mtri1\AppData\Local\Programs\MiKTeX\tex/latex/lastpage\lastpage.sty
Package: lastpage 2025/08/14 v2.1h lastpage: 2.09 or 2e? (HMM)

(C:\Users\mtri1\AppData\Local\Programs\MiKTeX\tex/latex/lastpage\lastpage2e.sty
Package: lastpage2e 2025/08/14 v2.1h Decide which 2e lastpage version to use (H
MM)

(C:\Users\mtri1\AppData\Local\Programs\MiKTeX\tex/latex/lastpage\lastpagemodern
.sty
Package: lastpagemodern 2025-08-14 v2.1h Refers to last page's name (HMM; JPG)
\c@lastpagecount=\count367
) 
))
(C:\Users\mtri1\AppData\Local\Programs\MiKTeX\tex/latex/algorithm2e\algorithm2e
.sty
Package: algorithm2e 2017/07/18 v5.2 algorithms environments
\c@AlgoLine=\count368
\algocf@hangindent=\skip77

(C:\Users\mtri1\AppData\Local\Programs\MiKTeX\tex/latex/ifoddpage\ifoddpage.sty
Package: ifoddpage 2022/10/18 v1.2 Conditionals for odd/even page detection
\c@checkoddpage=\count369
) (C:\Users\mtri1\AppData\Local\Programs\MiKTeX\tex/latex/relsize\relsize.sty
Package: relsize 2013/03/29 ver 4.1
)
\skiptotal=\skip78
\skiplinenumber=\skip79
\skiprule=\skip80
\skiphlne=\skip81
\skiptext=\skip82
\skiplength=\skip83
\algomargin=\skip84
\skipalgocfslide=\skip85
\algowidth=\dimen263
\inoutsize=\dimen264
\inoutindent=\dimen265
\interspacetitleruled=\dimen266
\interspacealgoruled=\dimen267
\interspacetitleboxruled=\dimen268
\algocf@ruledwidth=\skip86
\algocf@inoutbox=\box117
\algocf@inputbox=\box118
\AlCapSkip=\skip87
\AlCapHSkip=\skip88
\algoskipindent=\skip89
\algocf@nlbox=\box119
\algocf@hangingbox=\box120
\algocf@untilbox=\box121
\algocf@skipuntil=\skip90
\algocf@capbox=\box122
\algocf@lcaptionbox=\skip91
\algoheightruledefault=\skip92
\algoheightrule=\skip93
\algotitleheightruledefault=\skip94
\algotitleheightrule=\skip95
\c@algocfline=\count370
\c@algocfproc=\count371
\c@algocf=\count372
\algocf@algoframe=\box123
\algocf@algobox=\box124
) (C:\Users\mtri1\AppData\Local\Programs\MiKTeX\tex/latex/tools\enumerate.sty
Package: enumerate 2023/07/04 v3.00 enumerate extensions (DPC)
\@enLab=\toks38
)
(C:\Users\mtri1\AppData\Local\Programs\MiKTeX\tex/latex/makecell\makecell.sty
Package: makecell 2009/08/03 V0.1e Managing of Tab Column Heads and Cells
\rotheadsize=\dimen269
\c@nlinenum=\count373
\TeXr@lab=\toks39
)
(C:\Users\mtri1\AppData\Local\Programs\MiKTeX\tex/latex/graphics\color.sty
Package: color 2025/01/14 v1.3e Standard LaTeX Color (DPC)

(C:\Users\mtri1\AppData\Local\Programs\MiKTeX\tex/latex/graphics-cfg\color.cfg
File: color.cfg 2016/01/02 v1.6 sample color configuration
)
Package color Info: Driver file: pdftex.def on input line 149.
(C:\Users\mtri1\AppData\Local\Programs\MiKTeX\tex/latex/graphics\mathcolor.ltx)
) (C:\Users\mtri1\AppData\Local\Programs\MiKTeX\tex/latex/enumitem\enumitem.sty
Package: enumitem 2025/02/06 v3.11 Customized lists
\labelindent=\skip96
\enit@outerparindent=\dimen270
\enit@toks=\toks40
\enit@inbox=\box125
\enit@count@id=\count374
\enitdp@description=\count375
) (C:\Users\mtri1\AppData\Local\Programs\MiKTeX\tex/latex/tools\tabularx.sty
Package: tabularx 2023/12/11 v2.12a `tabularx' package (DPC)
\TX@col@width=\dimen271
\TX@old@table=\dimen272
\TX@old@col=\dimen273
\TX@target=\dimen274
\TX@delta=\dimen275
\TX@cols=\count376
\TX@ftn=\toks41
)
(C:\Users\mtri1\AppData\Local\Programs\MiKTeX\tex/latex/caption\caption.sty
Package: caption 2023/08/05 v3.6o Customizing captions (AR)

(C:\Users\mtri1\AppData\Local\Programs\MiKTeX\tex/latex/caption\caption3.sty
Package: caption3 2023/07/31 v2.4d caption3 kernel (AR)
\caption@tempdima=\dimen276
\captionmargin=\dimen277
\caption@leftmargin=\dimen278
\caption@rightmargin=\dimen279
\caption@width=\dimen280
\caption@indent=\dimen281
\caption@parindent=\dimen282
\caption@hangindent=\dimen283
Package caption Info: Standard document class detected.
)
\c@caption@flags=\count377
\c@continuedfloat=\count378
Package caption Info: float package is loaded.
Package caption Info: longtable package is loaded.

(C:\Users\mtri1\AppData\Local\Programs\MiKTeX\tex/latex/caption\ltcaption.sty
Package: ltcaption 2021/01/08 v1.4c longtable captions (AR)
)) (C:\Users\mtri1\AppData\Local\Programs\MiKTeX\tex/latex/multirow\multirow.st
y
Package: multirow 2024/11/12 v2.9 Span multiple rows of a table
\multirow@colwidth=\skip97
\multirow@cntb=\count379
\multirow@dima=\skip98
\bigstrutjot=\dimen284
) (C:\Users\mtri1\AppData\Local\Programs\MiKTeX\tex/latex/mdframed\mdframed.sty
Package: mdframed 2013/07/01 1.9b: mdframed

(C:\Users\mtri1\AppData\Local\Programs\MiKTeX\tex/latex/l3packages/xparse\xpars
e.sty
(C:\Users\mtri1\AppData\Local\Programs\MiKTeX\tex/latex/l3kernel\expl3.sty
Package: expl3 2025-12-24 L3 programming layer (loader) 

(C:\Users\mtri1\AppData\Local\Programs\MiKTeX\tex/latex/l3backend\l3backend-pdf
tex.def
File: l3backend-pdftex.def 2025-10-09 L3 backend support: PDF output (pdfTeX)
\l__color_backend_stack_int=\count380
))
Package: xparse 2025-10-09 L3 Experimental document command parser
)
(C:\Users\mtri1\AppData\Local\Programs\MiKTeX\tex/latex/zref\zref-abspage.sty
Package: zref-abspage 2026-03-07 v2.37 Module abspage for zref (HO)

(C:\Users\mtri1\AppData\Local\Programs\MiKTeX\tex/latex/zref\zref-base.sty
Package: zref-base 2026-03-07 v2.37 Module base for zref (HO)

(C:\Users\mtri1\AppData\Local\Programs\MiKTeX\tex/generic/kvdefinekeys\kvdefine
keys.sty
Package: kvdefinekeys 2019-12-19 v1.6 Define keys (HO)
)
(C:\Users\mtri1\AppData\Local\Programs\MiKTeX\tex/generic/pdftexcmds\pdftexcmds
.sty
Package: pdftexcmds 2020-06-27 v0.33 Utility functions of pdfTeX for LuaTeX (HO
)
Package pdftexcmds Info: \pdf@primitive is available.
Package pdftexcmds Info: \pdf@ifprimitive is available.
Package pdftexcmds Info: \pdfdraftmode found.
)
(C:\Users\mtri1\AppData\Local\Programs\MiKTeX\tex/latex/auxhook\auxhook.sty
Package: auxhook 2019-12-17 v1.6 Hooks for auxiliary files (HO)
)
Package zref Info: New property list: main on input line 767.
Package zref Info: New property: default on input line 768.
Package zref Info: New property: page on input line 769.
)
\c@abspage=\count381
Package zref Info: New property: abspage on input line 67.
)
(C:\Users\mtri1\AppData\Local\Programs\MiKTeX\tex/latex/needspace\needspace.sty
Package: needspace 2025/03/13 v1.3e reserve vertical space
)
\mdf@templength=\skip99
\c@mdf@globalstyle@cnt=\count382
\mdf@skipabove@length=\skip100
\mdf@skipbelow@length=\skip101
\mdf@leftmargin@length=\skip102
\mdf@rightmargin@length=\skip103
\mdf@innerleftmargin@length=\skip104
\mdf@innerrightmargin@length=\skip105
\mdf@innertopmargin@length=\skip106
\mdf@innerbottommargin@length=\skip107
\mdf@splittopskip@length=\skip108
\mdf@splitbottomskip@length=\skip109
\mdf@outermargin@length=\skip110
\mdf@innermargin@length=\skip111
\mdf@linewidth@length=\skip112
\mdf@innerlinewidth@length=\skip113
\mdf@middlelinewidth@length=\skip114
\mdf@outerlinewidth@length=\skip115
\mdf@roundcorner@length=\skip116
\mdf@footenotedistance@length=\skip117
\mdf@userdefinedwidth@length=\skip118
\mdf@needspace@length=\skip119
\mdf@frametitleaboveskip@length=\skip120
\mdf@frametitlebelowskip@length=\skip121
\mdf@frametitlerulewidth@length=\skip122
\mdf@frametitleleftmargin@length=\skip123
\mdf@frametitlerightmargin@length=\skip124
\mdf@shadowsize@length=\skip125
\mdf@extratopheight@length=\skip126
\mdf@subtitleabovelinewidth@length=\skip127
\mdf@subtitlebelowlinewidth@length=\skip128
\mdf@subtitleaboveskip@length=\skip129
\mdf@subtitlebelowskip@length=\skip130
\mdf@subtitleinneraboveskip@length=\skip131
\mdf@subtitleinnerbelowskip@length=\skip132
\mdf@subsubtitleabovelinewidth@length=\skip133
\mdf@subsubtitlebelowlinewidth@length=\skip134
\mdf@subsubtitleaboveskip@length=\skip135
\mdf@subsubtitlebelowskip@length=\skip136
\mdf@subsubtitleinneraboveskip@length=\skip137
\mdf@subsubtitleinnerbelowskip@length=\skip138

(C:\Users\mtri1\AppData\Local\Programs\MiKTeX\tex/latex/pgf/frontendlayer\tikz.
sty
(C:\Users\mtri1\AppData\Local\Programs\MiKTeX\tex/latex/pgf/basiclayer\pgf.sty
(C:\Users\mtri1\AppData\Local\Programs\MiKTeX\tex/latex/pgf/utilities\pgfrcs.st
y
(C:\Users\mtri1\AppData\Local\Programs\MiKTeX\tex/generic/pgf/utilities\pgfutil
-common.tex
\pgfutil@everybye=\toks42
\pgfutil@tempdima=\dimen285
\pgfutil@tempdimb=\dimen286
)
(C:\Users\mtri1\AppData\Local\Programs\MiKTeX\tex/generic/pgf/utilities\pgfutil
-latex.def
\pgfutil@abb=\box126
)
(C:\Users\mtri1\AppData\Local\Programs\MiKTeX\tex/generic/pgf/utilities\pgfrcs.
code.tex
(C:\Users\mtri1\AppData\Local\Programs\MiKTeX\tex/generic/pgf\pgf.revision.tex)
Package: pgfrcs 2025-08-29 v3.1.11a (3.1.11a)
))
Package: pgf 2025-08-29 v3.1.11a (3.1.11a)

(C:\Users\mtri1\AppData\Local\Programs\MiKTeX\tex/latex/pgf/basiclayer\pgfcore.
sty
(C:\Users\mtri1\AppData\Local\Programs\MiKTeX\tex/latex/pgf/systemlayer\pgfsys.
sty
(C:\Users\mtri1\AppData\Local\Programs\MiKTeX\tex/generic/pgf/systemlayer\pgfsy
s.code.tex
Package: pgfsys 2025-08-29 v3.1.11a (3.1.11a)
\pgf@x=\dimen287
\pgf@y=\dimen288
\pgf@xa=\dimen289
\pgf@ya=\dimen290
\pgf@xb=\dimen291
\pgf@yb=\dimen292
\pgf@xc=\dimen293
\pgf@yc=\dimen294
\pgf@xd=\dimen295
\pgf@yd=\dimen296
\w@pgf@writea=\write5
\r@pgf@reada=\read4
\c@pgf@counta=\count383
\c@pgf@countb=\count384
\c@pgf@countc=\count385
\c@pgf@countd=\count386
\t@pgf@toka=\toks43
\t@pgf@tokb=\toks44
\t@pgf@tokc=\toks45
\pgf@sys@id@count=\count387

(C:\Users\mtri1\AppData\Local\Programs\MiKTeX\tex/generic/pgf/systemlayer\pgf.c
fg
File: pgf.cfg 2025-08-29 v3.1.11a (3.1.11a)
)
Driver file for pgf: pgfsys-pdftex.def

(C:\Users\mtri1\AppData\Local\Programs\MiKTeX\tex/generic/pgf/systemlayer\pgfsy
s-pdftex.def
File: pgfsys-pdftex.def 2025-08-29 v3.1.11a (3.1.11a)

(C:\Users\mtri1\AppData\Local\Programs\MiKTeX\tex/generic/pgf/systemlayer\pgfsy
s-common-pdf.def
File: pgfsys-common-pdf.def 2025-08-29 v3.1.11a (3.1.11a)
)))
(C:\Users\mtri1\AppData\Local\Programs\MiKTeX\tex/generic/pgf/systemlayer\pgfsy
ssoftpath.code.tex
File: pgfsyssoftpath.code.tex 2025-08-29 v3.1.11a (3.1.11a)
\pgfsyssoftpath@smallbuffer@items=\count388
\pgfsyssoftpath@bigbuffer@items=\count389
)
(C:\Users\mtri1\AppData\Local\Programs\MiKTeX\tex/generic/pgf/systemlayer\pgfsy
sprotocol.code.tex
File: pgfsysprotocol.code.tex 2025-08-29 v3.1.11a (3.1.11a)
))
(C:\Users\mtri1\AppData\Local\Programs\MiKTeX\tex/latex/xcolor\xcolor.sty
Package: xcolor 2024/09/29 v3.02 LaTeX color extensions (UK)

(C:\Users\mtri1\AppData\Local\Programs\MiKTeX\tex/latex/graphics-cfg\color.cfg
File: color.cfg 2016/01/02 v1.6 sample color configuration
)
Package xcolor Info: Driver file: pdftex.def on input line 274.
LaTeX Info: Redefining \color on input line 762.
(C:\Users\mtri1\AppData\Local\Programs\MiKTeX\tex/latex/graphics\mathcolor.ltx)
Package xcolor Info: Model `cmy' substituted by `cmy0' on input line 1349.
Package xcolor Info: Model `hsb' substituted by `rgb' on input line 1353.
Package xcolor Info: Model `RGB' extended on input line 1365.
Package xcolor Info: Model `HTML' substituted by `rgb' on input line 1367.
Package xcolor Info: Model `Hsb' substituted by `hsb' on input line 1368.
Package xcolor Info: Model `tHsb' substituted by `hsb' on input line 1369.
Package xcolor Info: Model `HSB' substituted by `hsb' on input line 1370.
Package xcolor Info: Model `Gray' substituted by `gray' on input line 1371.
Package xcolor Info: Model `wave' substituted by `hsb' on input line 1372.
)
(C:\Users\mtri1\AppData\Local\Programs\MiKTeX\tex/generic/pgf/basiclayer\pgfcor
e.code.tex
Package: pgfcore 2025-08-29 v3.1.11a (3.1.11a)

(C:\Users\mtri1\AppData\Local\Programs\MiKTeX\tex/generic/pgf/math\pgfmath.code
.tex
(C:\Users\mtri1\AppData\Local\Programs\MiKTeX\tex/generic/pgf/math\pgfmathutil.
code.tex)
(C:\Users\mtri1\AppData\Local\Programs\MiKTeX\tex/generic/pgf/math\pgfmathparse
r.code.tex
\pgfmath@dimen=\dimen297
\pgfmath@count=\count390
\pgfmath@box=\box127
\pgfmath@toks=\toks46
\pgfmath@stack@operand=\toks47
\pgfmath@stack@operation=\toks48
)
(C:\Users\mtri1\AppData\Local\Programs\MiKTeX\tex/generic/pgf/math\pgfmathfunct
ions.code.tex)
(C:\Users\mtri1\AppData\Local\Programs\MiKTeX\tex/generic/pgf/math\pgfmathfunct
ions.basic.code.tex)
(C:\Users\mtri1\AppData\Local\Programs\MiKTeX\tex/generic/pgf/math\pgfmathfunct
ions.trigonometric.code.tex)
(C:\Users\mtri1\AppData\Local\Programs\MiKTeX\tex/generic/pgf/math\pgfmathfunct
ions.random.code.tex)
(C:\Users\mtri1\AppData\Local\Programs\MiKTeX\tex/generic/pgf/math\pgfmathfunct
ions.comparison.code.tex)
(C:\Users\mtri1\AppData\Local\Programs\MiKTeX\tex/generic/pgf/math\pgfmathfunct
ions.base.code.tex)
(C:\Users\mtri1\AppData\Local\Programs\MiKTeX\tex/generic/pgf/math\pgfmathfunct
ions.round.code.tex)
(C:\Users\mtri1\AppData\Local\Programs\MiKTeX\tex/generic/pgf/math\pgfmathfunct
ions.misc.code.tex)
(C:\Users\mtri1\AppData\Local\Programs\MiKTeX\tex/generic/pgf/math\pgfmathfunct
ions.integerarithmetics.code.tex)
(C:\Users\mtri1\AppData\Local\Programs\MiKTeX\tex/generic/pgf/math\pgfmathcalc.
code.tex)
(C:\Users\mtri1\AppData\Local\Programs\MiKTeX\tex/generic/pgf/math\pgfmathfloat
.code.tex
\c@pgfmathroundto@lastzeros=\count391
))
(C:\Users\mtri1\AppData\Local\Programs\MiKTeX\tex/generic/pgf/math\pgfint.code.
tex)
(C:\Users\mtri1\AppData\Local\Programs\MiKTeX\tex/generic/pgf/basiclayer\pgfcor
epoints.code.tex
File: pgfcorepoints.code.tex 2025-08-29 v3.1.11a (3.1.11a)
\pgf@picminx=\dimen298
\pgf@picmaxx=\dimen299
\pgf@picminy=\dimen300
\pgf@picmaxy=\dimen301
\pgf@pathminx=\dimen302
\pgf@pathmaxx=\dimen303
\pgf@pathminy=\dimen304
\pgf@pathmaxy=\dimen305
\pgf@xx=\dimen306
\pgf@xy=\dimen307
\pgf@yx=\dimen308
\pgf@yy=\dimen309
\pgf@zx=\dimen310
\pgf@zy=\dimen311
)
(C:\Users\mtri1\AppData\Local\Programs\MiKTeX\tex/generic/pgf/basiclayer\pgfcor
epathconstruct.code.tex
File: pgfcorepathconstruct.code.tex 2025-08-29 v3.1.11a (3.1.11a)
\pgf@path@lastx=\dimen312
\pgf@path@lasty=\dimen313
)
(C:\Users\mtri1\AppData\Local\Programs\MiKTeX\tex/generic/pgf/basiclayer\pgfcor
epathusage.code.tex
File: pgfcorepathusage.code.tex 2025-08-29 v3.1.11a (3.1.11a)
\pgf@shorten@end@additional=\dimen314
\pgf@shorten@start@additional=\dimen315
)
(C:\Users\mtri1\AppData\Local\Programs\MiKTeX\tex/generic/pgf/basiclayer\pgfcor
escopes.code.tex
File: pgfcorescopes.code.tex 2025-08-29 v3.1.11a (3.1.11a)
\pgfpic=\box128
\pgf@hbox=\box129
\pgf@layerbox@main=\box130
\pgf@picture@serial@count=\count392
)
(C:\Users\mtri1\AppData\Local\Programs\MiKTeX\tex/generic/pgf/basiclayer\pgfcor
egraphicstate.code.tex
File: pgfcoregraphicstate.code.tex 2025-08-29 v3.1.11a (3.1.11a)
\pgflinewidth=\dimen316
)
(C:\Users\mtri1\AppData\Local\Programs\MiKTeX\tex/generic/pgf/basiclayer\pgfcor
etransformations.code.tex
File: pgfcoretransformations.code.tex 2025-08-29 v3.1.11a (3.1.11a)
\pgf@pt@x=\dimen317
\pgf@pt@y=\dimen318
\pgf@pt@temp=\dimen319
)
(C:\Users\mtri1\AppData\Local\Programs\MiKTeX\tex/generic/pgf/basiclayer\pgfcor
equick.code.tex
File: pgfcorequick.code.tex 2025-08-29 v3.1.11a (3.1.11a)
)
(C:\Users\mtri1\AppData\Local\Programs\MiKTeX\tex/generic/pgf/basiclayer\pgfcor
eobjects.code.tex
File: pgfcoreobjects.code.tex 2025-08-29 v3.1.11a (3.1.11a)
)
(C:\Users\mtri1\AppData\Local\Programs\MiKTeX\tex/generic/pgf/basiclayer\pgfcor
epathprocessing.code.tex
File: pgfcorepathprocessing.code.tex 2025-08-29 v3.1.11a (3.1.11a)
)
(C:\Users\mtri1\AppData\Local\Programs\MiKTeX\tex/generic/pgf/basiclayer\pgfcor
earrows.code.tex
File: pgfcorearrows.code.tex 2025-08-29 v3.1.11a (3.1.11a)
\pgfarrowsep=\dimen320
)
(C:\Users\mtri1\AppData\Local\Programs\MiKTeX\tex/generic/pgf/basiclayer\pgfcor
eshade.code.tex
File: pgfcoreshade.code.tex 2025-08-29 v3.1.11a (3.1.11a)
\pgf@max=\dimen321
\pgf@sys@shading@range@num=\count393
\pgf@shadingcount=\count394
)
(C:\Users\mtri1\AppData\Local\Programs\MiKTeX\tex/generic/pgf/basiclayer\pgfcor
eimage.code.tex
File: pgfcoreimage.code.tex 2025-08-29 v3.1.11a (3.1.11a)
)
(C:\Users\mtri1\AppData\Local\Programs\MiKTeX\tex/generic/pgf/basiclayer\pgfcor
eexternal.code.tex
File: pgfcoreexternal.code.tex 2025-08-29 v3.1.11a (3.1.11a)
\pgfexternal@startupbox=\box131
)
(C:\Users\mtri1\AppData\Local\Programs\MiKTeX\tex/generic/pgf/basiclayer\pgfcor
elayers.code.tex
File: pgfcorelayers.code.tex 2025-08-29 v3.1.11a (3.1.11a)
)
(C:\Users\mtri1\AppData\Local\Programs\MiKTeX\tex/generic/pgf/basiclayer\pgfcor
etransparency.code.tex
File: pgfcoretransparency.code.tex 2025-08-29 v3.1.11a (3.1.11a)
)
(C:\Users\mtri1\AppData\Local\Programs\MiKTeX\tex/generic/pgf/basiclayer\pgfcor
epatterns.code.tex
File: pgfcorepatterns.code.tex 2025-08-29 v3.1.11a (3.1.11a)
)
(C:\Users\mtri1\AppData\Local\Programs\MiKTeX\tex/generic/pgf/basiclayer\pgfcor
erdf.code.tex
File: pgfcorerdf.code.tex 2025-08-29 v3.1.11a (3.1.11a)
)))
(C:\Users\mtri1\AppData\Local\Programs\MiKTeX\tex/generic/pgf/modules\pgfmodule
shapes.code.tex
File: pgfmoduleshapes.code.tex 2025-08-29 v3.1.11a (3.1.11a)
\pgfnodeparttextbox=\box132
)
(C:\Users\mtri1\AppData\Local\Programs\MiKTeX\tex/generic/pgf/modules\pgfmodule
plot.code.tex
File: pgfmoduleplot.code.tex 2025-08-29 v3.1.11a (3.1.11a)
)
(C:\Users\mtri1\AppData\Local\Programs\MiKTeX\tex/latex/pgf/compatibility\pgfco
mp-version-0-65.sty
Package: pgfcomp-version-0-65 2025-08-29 v3.1.11a (3.1.11a)
\pgf@nodesepstart=\dimen322
\pgf@nodesepend=\dimen323
)
(C:\Users\mtri1\AppData\Local\Programs\MiKTeX\tex/latex/pgf/compatibility\pgfco
mp-version-1-18.sty
Package: pgfcomp-version-1-18 2025-08-29 v3.1.11a (3.1.11a)
))
(C:\Users\mtri1\AppData\Local\Programs\MiKTeX\tex/latex/pgf/utilities\pgffor.st
y (C:\Users\mtri1\AppData\Local\Programs\MiKTeX\tex/latex/pgf/math\pgfmath.sty
(C:\Users\mtri1\AppData\Local\Programs\MiKTeX\tex/generic/pgf/math\pgfmath.code
.tex))
(C:\Users\mtri1\AppData\Local\Programs\MiKTeX\tex/generic/pgf/utilities\pgffor.
code.tex
Package: pgffor 2025-08-29 v3.1.11a (3.1.11a)
\pgffor@iter=\dimen324
\pgffor@skip=\dimen325
\pgffor@stack=\toks49
\pgffor@toks=\toks50
))
(C:\Users\mtri1\AppData\Local\Programs\MiKTeX\tex/generic/pgf/frontendlayer/tik
z\tikz.code.tex
Package: tikz 2025-08-29 v3.1.11a (3.1.11a)

(C:\Users\mtri1\AppData\Local\Programs\MiKTeX\tex/generic/pgf/libraries\pgflibr
aryplothandlers.code.tex
File: pgflibraryplothandlers.code.tex 2025-08-29 v3.1.11a (3.1.11a)
\pgf@plot@mark@count=\count395
\pgfplotmarksize=\dimen326
)
\tikz@lastx=\dimen327
\tikz@lasty=\dimen328
\tikz@lastxsaved=\dimen329
\tikz@lastysaved=\dimen330
\tikz@lastmovetox=\dimen331
\tikz@lastmovetoy=\dimen332
\tikzleveldistance=\dimen333
\tikzsiblingdistance=\dimen334
\tikz@figbox=\box133
\tikz@figbox@bg=\box134
\tikz@tempbox=\box135
\tikz@tempbox@bg=\box136
\tikztreelevel=\count396
\tikznumberofchildren=\count397
\tikznumberofcurrentchild=\count398
\tikz@fig@count=\count399

(C:\Users\mtri1\AppData\Local\Programs\MiKTeX\tex/generic/pgf/modules\pgfmodule
matrix.code.tex
File: pgfmodulematrix.code.tex 2025-08-29 v3.1.11a (3.1.11a)
\pgfmatrixcurrentrow=\count400
\pgfmatrixcurrentcolumn=\count401
\pgf@matrix@numberofcolumns=\count402
)
\tikz@expandcount=\count403

(C:\Users\mtri1\AppData\Local\Programs\MiKTeX\tex/generic/pgf/frontendlayer/tik
z/libraries\tikzlibrarytopaths.code.tex
File: tikzlibrarytopaths.code.tex 2025-08-29 v3.1.11a (3.1.11a)
)))
(C:\Users\mtri1\AppData\Local\Programs\MiKTeX\tex/latex/mdframed\md-frame-1.mdf
File: md-frame-1.mdf 2013/07/01\ 1.9b: md-frame-1
)
\mdf@frametitlebox=\box137
\mdf@footnotebox=\box138
\mdf@splitbox@one=\box139
\mdf@splitbox@two=\box140
\mdf@splitbox@save=\box141
\mdfsplitboxwidth=\skip139
\mdfsplitboxtotalwidth=\skip140
\mdfsplitboxheight=\skip141
\mdfsplitboxdepth=\skip142
\mdfsplitboxtotalheight=\skip143
\mdfframetitleboxwidth=\skip144
\mdfframetitleboxtotalwidth=\skip145
\mdfframetitleboxheight=\skip146
\mdfframetitleboxdepth=\skip147
\mdfframetitleboxtotalheight=\skip148
\mdffootnoteboxwidth=\skip149
\mdffootnoteboxtotalwidth=\skip150
\mdffootnoteboxheight=\skip151
\mdffootnoteboxdepth=\skip152
\mdffootnoteboxtotalheight=\skip153
\mdftotallinewidth=\skip154
\mdfboundingboxwidth=\skip155
\mdfboundingboxtotalwidth=\skip156
\mdfboundingboxheight=\skip157
\mdfboundingboxdepth=\skip158
\mdfboundingboxtotalheight=\skip159
\mdf@freevspace@length=\skip160
\mdf@horizontalwidthofbox@length=\skip161
\mdf@verticalmarginwhole@length=\skip162
\mdf@horizontalspaceofbox=\skip163
\mdfsubtitleheight=\skip164
\mdfsubsubtitleheight=\skip165
\c@mdfcountframes=\count404

****** mdframed patching \endmdf@trivlist

****** -- success******

\mdf@envdepth=\count405
\c@mdf@env@i=\count406
\c@mdf@env@ii=\count407
\c@mdf@zref@counter=\count408
Package zref Info: New property: mdf@pagevalue on input line 895.
)
(C:\Users\mtri1\AppData\Local\Programs\MiKTeX\tex/latex/graphics\rotating.sty
Package: rotating 2025/01/14 v2.16e rotated objects in LaTeX
\c@r@tfl@t=\count409
\rotFPtop=\skip166
\rotFPbot=\skip167
\rot@float@box=\box142
\rot@mess@toks=\toks51
)
(C:\Users\mtri1\AppData\Local\Programs\MiKTeX\tex/latex/setspace\setspace.sty
Package: setspace 2022/12/04 v6.7b set line spacing
)
(C:\Users\mtri1\AppData\Local\Programs\MiKTeX\tex/generic/pgf/frontendlayer/tik
z/libraries\tikzlibraryarrows.code.tex
File: tikzlibraryarrows.code.tex 2025-08-29 v3.1.11a (3.1.11a)

(C:\Users\mtri1\AppData\Local\Programs\MiKTeX\tex/generic/pgf/libraries\pgflibr
aryarrows.code.tex
File: pgflibraryarrows.code.tex 2025-08-29 v3.1.11a (3.1.11a)
\arrowsize=\dimen335
))
(C:\Users\mtri1\AppData\Local\Programs\MiKTeX\tex/generic/pgf/frontendlayer/tik
z/libraries\tikzlibrarysnakes.code.tex
File: tikzlibrarysnakes.code.tex 2025-08-29 v3.1.11a (3.1.11a)


Package pgf Warning: Snakes have been superseded by decorations. Please use the
 decoration libraries instead of the snakes library on input line 14.


(C:\Users\mtri1\AppData\Local\Programs\MiKTeX\tex/generic/pgf/frontendlayer/tik
z/libraries\tikzlibrarydecorations.pathmorphing.code.tex
(C:\Users\mtri1\AppData\Local\Programs\MiKTeX\tex/generic/pgf/frontendlayer/tik
z/libraries\tikzlibrarydecorations.code.tex
(C:\Users\mtri1\AppData\Local\Programs\MiKTeX\tex/generic/pgf/modules\pgfmodule
decorations.code.tex
\pgfdecoratedcompleteddistance=\dimen336
\pgfdecoratedremainingdistance=\dimen337
\pgfdecoratedinputsegmentcompleteddistance=\dimen338
\pgfdecoratedinputsegmentremainingdistance=\dimen339
\pgf@decorate@distancetomove=\dimen340
\pgf@decorate@repeatstate=\count410
\pgfdecorationsegmentamplitude=\dimen341
\pgfdecorationsegmentlength=\dimen342
)
\tikz@lib@dec@box=\box143
)
(C:\Users\mtri1\AppData\Local\Programs\MiKTeX\tex/generic/pgf/libraries/decorat
ions\pgflibrarydecorations.pathmorphing.code.tex))
(C:\Users\mtri1\AppData\Local\Programs\MiKTeX\tex/generic/pgf/frontendlayer/tik
z/libraries\tikzlibrarydecorations.pathreplacing.code.tex
(C:\Users\mtri1\AppData\Local\Programs\MiKTeX\tex/generic/pgf/libraries/decorat
ions\pgflibrarydecorations.pathreplacing.code.tex))
(C:\Users\mtri1\AppData\Local\Programs\MiKTeX\tex/generic/pgf/frontendlayer/tik
z/libraries\tikzlibrarydecorations.shapes.code.tex
(C:\Users\mtri1\AppData\Local\Programs\MiKTeX\tex/generic/pgf/libraries/decorat
ions\pgflibrarydecorations.shapes.code.tex)))
(C:\Users\mtri1\AppData\Local\Programs\MiKTeX\tex/generic/pgf/frontendlayer/tik
z/libraries\tikzlibrarybackgrounds.code.tex
File: tikzlibrarybackgrounds.code.tex 2025-08-29 v3.1.11a (3.1.11a)
\pgf@layerbox@background=\box144
\pgf@layerboxsaved@background=\box145
)
(C:\Users\mtri1\AppData\Local\Programs\MiKTeX\tex/generic/pgf/frontendlayer/tik
z/libraries\tikzlibrarypositioning.code.tex
File: tikzlibrarypositioning.code.tex 2025-08-29 v3.1.11a (3.1.11a)
)
(C:\Users\mtri1\AppData\Local\Programs\MiKTeX\tex/generic/pgf/frontendlayer/tik
z/libraries\tikzlibraryshapes.geometric.code.tex
File: tikzlibraryshapes.geometric.code.tex 2025-08-29 v3.1.11a (3.1.11a)

(C:\Users\mtri1\AppData\Local\Programs\MiKTeX\tex/generic/pgf/libraries/shapes\
pgflibraryshapes.geometric.code.tex
File: pgflibraryshapes.geometric.code.tex 2025-08-29 v3.1.11a (3.1.11a)
))
(C:\Users\mtri1\AppData\Local\Programs\MiKTeX\tex/generic/pgf/libraries\pgflibr
aryarrows.meta.code.tex
File: pgflibraryarrows.meta.code.tex 2025-08-29 v3.1.11a (3.1.11a)
\pgfarrowinset=\dimen343
\pgfarrowlength=\dimen344
\pgfarrowwidth=\dimen345
\pgfarrowlinewidth=\dimen346
)
(C:\Users\mtri1\AppData\Local\Programs\MiKTeX\tex/latex/hyperref\hyperref.sty
Package: hyperref 2025-07-12 v7.01o Hypertext links for LaTeX

(C:\Users\mtri1\AppData\Local\Programs\MiKTeX\tex/generic/pdfescape\pdfescape.s
ty
Package: pdfescape 2019/12/09 v1.15 Implements pdfTeX's escape features (HO)
) (C:\Users\mtri1\AppData\Local\Programs\MiKTeX\tex/latex/hycolor\hycolor.sty
Package: hycolor 2020-01-27 v1.10 Color options for hyperref/bookmark (HO)
) (C:\Users\mtri1\AppData\Local\Programs\MiKTeX\tex/latex/hyperref\nameref.sty
Package: nameref 2025-06-21 v2.57 Cross-referencing by name of section

(C:\Users\mtri1\AppData\Local\Programs\MiKTeX\tex/latex/refcount\refcount.sty
Package: refcount 2019/12/15 v3.6 Data extraction from label references (HO)
)
(C:\Users\mtri1\AppData\Local\Programs\MiKTeX\tex/generic/gettitlestring\gettit
lestring.sty
Package: gettitlestring 2019/12/15 v1.6 Cleanup title references (HO)
)
\c@section@level=\count411
)
(C:\Users\mtri1\AppData\Local\Programs\MiKTeX\tex/generic/stringenc\stringenc.s
ty
Package: stringenc 2019/11/29 v1.12 Convert strings between diff. encodings (HO
)
)
\@linkdim=\dimen347
\Hy@linkcounter=\count412
\Hy@pagecounter=\count413
 (C:\Users\mtri1\AppData\Local\Programs\MiKTeX\tex/latex/hyperref\pd1enc.def
File: pd1enc.def 2025-07-12 v7.01o Hyperref: PDFDocEncoding definition (HO)
Now handling font encoding PD1 ...
... no UTF-8 mapping file for font encoding PD1
) (C:\Users\mtri1\AppData\Local\Programs\MiKTeX\tex/generic/intcalc\intcalc.sty
Package: intcalc 2019/12/15 v1.3 Expandable calculations with integers (HO)
)
\Hy@SavedSpaceFactor=\count414
 (C:\Users\mtri1\AppData\Local\Programs\MiKTeX\tex/latex/hyperref\puenc.def
File: puenc.def 2025-07-12 v7.01o Hyperref: PDF Unicode definition (HO)
Now handling font encoding PU ...
... no UTF-8 mapping file for font encoding PU
)
Package hyperref Info: Hyper figures OFF on input line 4195.
Package hyperref Info: Link nesting OFF on input line 4200.
Package hyperref Info: Hyper index ON on input line 4203.
Package hyperref Info: Plain pages OFF on input line 4210.
Package hyperref Info: Backreferencing OFF on input line 4215.
Package hyperref Info: Implicit mode ON; LaTeX internals redefined.
Package hyperref Info: Bookmarks ON on input line 4462.
\c@Hy@tempcnt=\count415

(C:\Users\mtri1\AppData\Local\Programs\MiKTeX\tex/latex/url\url.sty
\Urlmuskip=\muskip18
Package: url 2013/09/16  ver 3.4  Verb mode for urls, etc.
)
LaTeX Info: Redefining \url on input line 4801.
\XeTeXLinkMargin=\dimen348

(C:\Users\mtri1\AppData\Local\Programs\MiKTeX\tex/generic/bitset\bitset.sty
Package: bitset 2019/12/09 v1.3 Handle bit-vector datatype (HO)

(C:\Users\mtri1\AppData\Local\Programs\MiKTeX\tex/generic/bigintcalc\bigintcalc
.sty
Package: bigintcalc 2019/12/15 v1.5 Expandable calculations on big integers (HO
)
))
\Fld@menulength=\count416
\Field@Width=\dimen349
\Fld@charsize=\dimen350
Package hyperref Info: Hyper figures OFF on input line 6078.
Package hyperref Info: Link nesting OFF on input line 6083.
Package hyperref Info: Hyper index ON on input line 6086.
Package hyperref Info: backreferencing OFF on input line 6093.
Package hyperref Info: Link coloring OFF on input line 6098.
Package hyperref Info: Link coloring with OCG OFF on input line 6103.
Package hyperref Info: PDF/A mode OFF on input line 6108.
\Hy@abspage=\count417
\c@Item=\count418
\c@Hfootnote=\count419
)
Package hyperref Info: Driver (autodetected): hpdftex.

(C:\Users\mtri1\AppData\Local\Programs\MiKTeX\tex/latex/hyperref\hpdftex.def
File: hpdftex.def 2025-07-12 v7.01o Hyperref driver for pdfTeX
\HyAnn@Count=\count420
\Fld@listcount=\count421
\c@bookmark@seq@number=\count422

(C:\Users\mtri1\AppData\Local\Programs\MiKTeX\tex/latex/rerunfilecheck\rerunfil
echeck.sty
Package: rerunfilecheck 2025-06-21 v1.11 Rerun checks for auxiliary files (HO)

(C:\Users\mtri1\AppData\Local\Programs\MiKTeX\tex/generic/uniquecounter\uniquec
ounter.sty
Package: uniquecounter 2019/12/15 v1.4 Provide unlimited unique counter (HO)
)
Package uniquecounter Info: New unique counter `rerunfilecheck' on input line 2
84.
)
\Hy@SectionHShift=\skip168
)
Package hyperref Info: Option `colorlinks' set `true' on input line 39.

(C:\Users\mtri1\AppData\Local\Programs\MiKTeX\tex/latex/xltabular\xltabular.sty
Package: xltabular 2025/02/28 v0.2i `xltabular' package (hv,RN)
(C:\Users\mtri1\AppData\Local\Programs\MiKTeX\tex/latex/ltablex\ltablex.sty
Package: ltablex 2014/08/13 v1.1 Modified tabularx
))
\c@subsubsubsection=\count423

(main.aux)
\openout1 = `main.aux'.

LaTeX Font Info:    Checking defaults for OML/cmm/m/it on input line 87.
LaTeX Font Info:    ... okay on input line 87.
LaTeX Font Info:    Checking defaults for OMS/cmsy/m/n on input line 87.
LaTeX Font Info:    ... okay on input line 87.
LaTeX Font Info:    Checking defaults for OT1/cmr/m/n on input line 87.
LaTeX Font Info:    ... okay on input line 87.
LaTeX Font Info:    Checking defaults for T1/cmr/m/n on input line 87.
LaTeX Font Info:    ... okay on input line 87.
LaTeX Font Info:    Checking defaults for TS1/cmr/m/n on input line 87.
LaTeX Font Info:    ... okay on input line 87.
LaTeX Font Info:    Checking defaults for OMX/cmex/m/n on input line 87.
LaTeX Font Info:    ... okay on input line 87.
LaTeX Font Info:    Checking defaults for U/cmr/m/n on input line 87.
LaTeX Font Info:    ... okay on input line 87.
LaTeX Font Info:    Checking defaults for T5/cmr/m/n on input line 87.
LaTeX Font Info:    ... okay on input line 87.
LaTeX Font Info:    Checking defaults for PD1/pdf/m/n on input line 87.
LaTeX Font Info:    ... okay on input line 87.
LaTeX Font Info:    Checking defaults for PU/pdf/m/n on input line 87.
LaTeX Font Info:    ... okay on input line 87.

*geometry* driver: auto-detecting
*geometry* detected driver: pdftex
*geometry* verbose mode - [ preamble ] result:
* driver: pdftex
* paper: a4paper
* layout: <same size as paper>
* layoutoffset:(h,v)=(0.0pt,0.0pt)
* modes: 
* h-part:(L,W,R)=(89.62709pt, 418.25368pt, 89.6271pt)
* v-part:(T,H,B)=(101.40665pt, 591.5302pt, 152.11pt)
* \paperwidth=597.50787pt
* \paperheight=845.04684pt
* \textwidth=424.58624pt
* \textheight=646.0pt
* \oddsidemargin=18.06749pt
* \evensidemargin=18.06749pt
* \topmargin=0.0pt
* \headheight=40.0pt
* \headsep=25.0pt
* \topskip=10.0pt
* \footskip=30.0pt
* \marginparwidth=54.2025pt
* \marginparsep=11.0pt
* \columnsep=10.0pt
* \skip\footins=9.0pt plus 4.0pt minus 2.0pt
* \hoffset=0.0pt
* \voffset=0.0pt
* \mag=1000
* \@twocolumnfalse
* \@twosidefalse
* \@mparswitchfalse
* \@reversemarginfalse
* (1in=72.27pt=25.4mm, 1cm=28.453pt)


(C:\Users\mtri1\AppData\Local\Programs\MiKTeX\tex/context/base/mkii\supp-pdf.mk
ii
[Loading MPS to PDF converter (version 2006.09.02).]
\scratchcounter=\count424
\scratchdimen=\dimen351
\scratchbox=\box146
\nofMPsegments=\count425
\nofMParguments=\count426
\everyMPshowfont=\toks52
\MPscratchCnt=\count427
\MPscratchDim=\dimen352
\MPnumerator=\count428
\makeMPintoPDFobject=\count429
\everyMPtoPDFconversion=\toks53
)
(C:\Users\mtri1\AppData\Local\Programs\MiKTeX\tex/latex/epstopdf-pkg\epstopdf-b
ase.sty
Package: epstopdf-base 2020-01-24 v2.11 Base part for package epstopdf
Package epstopdf-base Info: Redefining graphics rule for `.eps' on input line 4
85.

(C:\Users\mtri1\AppData\Local\Programs\MiKTeX\tex/latex/00miktex\epstopdf-sys.c
fg
File: epstopdf-sys.cfg 2021/03/18 v2.0 Configuration of epstopdf for MiKTeX
))
Package caption Info: Begin \AtBeginDocument code.
Package caption Info: hyperref package is loaded.
Package caption Info: rotating package is loaded.
Package caption Info: End \AtBeginDocument code.
Package hyperref Info: Link coloring ON on input line 87.
 (main.out) (main.out)
\@outlinefile=\write6
\openout6 = `main.out'.

<pictures/hcmut.png, id=206, 272.01625pt x 277.035pt>
File: pictures/hcmut.png Graphic file (type png)
<use pictures/hcmut.png>
Package pdftex.def Info: pictures/hcmut.png  used on input line 100.
(pdftex.def)             Requested size: 142.26378pt x 144.89601pt.
LaTeX Font Info:    Trying to load font information for U+msa on input line 108
.

(C:\Users\mtri1\AppData\Local\Programs\MiKTeX\tex/latex/amsfonts\umsa.fd
File: umsa.fd 2013/01/14 v3.01 AMS symbols A
)
LaTeX Font Info:    Trying to load font information for U+msb on input line 108
.

(C:\Users\mtri1\AppData\Local\Programs\MiKTeX\tex/latex/amsfonts\umsb.fd
File: umsb.fd 2013/01/14 v3.01 AMS symbols B
)
LaTeX Font Info:    Trying to load font information for U+lasy on input line 10
8.

(C:\Users\mtri1\AppData\Local\Programs\MiKTeX\tex/latex/base\ulasy.fd
File: ulasy.fd 1998/08/17 v2.2e LaTeX symbol font definitions
) [1

{C:/Users/mtri1/AppData/Local/MiKTeX/fonts/map/pdftex/pdftex.map} <./pictures/h
cmut.png>] (main.toc
File: pictures/hcmut.png Graphic file (type png)
<use pictures/hcmut.png>
Package pdftex.def Info: pictures/hcmut.png  used on input line 50.
(pdftex.def)             Requested size: 22.76204pt x 22.75928pt.
LaTeX Font Info:    Trying to load font information for T5+cmtt on input line 5
0.

(C:\Users\mtri1\AppData\Local\Programs\MiKTeX\tex/latex/vntex\t5cmtt.fd
File: t5cmtt.fd 1999/05/25 v2.5h Standard LaTeX font definitions
)
LaTeX Font Info:    Font shape `T5/cmtt/bx/n' in size <10> not available
(Font)              Font shape `T5/cmtt/m/n' tried instead on input line 50.

[0])
\tf@toc=\write7
\openout7 = `main.toc'.

File: pictures/hcmut.png Graphic file (type png)
<use pictures/hcmut.png>
Package pdftex.def Info: pictures/hcmut.png  used on input line 152.
(pdftex.def)             Requested size: 22.76204pt x 22.75928pt.

pdfTeX warning (ext4): destination with the same identifier (name{page.1}) has 
been already used, duplicate ignored
<to be read again> 
                   \relax 
l.152 \newpage
               [1] (sections/phancong.tex) (sections/prj_description.tex
File: pictures/hcmut.png Graphic file (type png)
<use pictures/hcmut.png>
Package pdftex.def Info: pictures/hcmut.png  used on input line 1.
(pdftex.def)             Requested size: 22.76204pt x 22.75928pt.

[2]
File: pictures/hcmut.png Graphic file (type png)
<use pictures/hcmut.png>
Package pdftex.def Info: pictures/hcmut.png  used on input line 26.
(pdftex.def)             Requested size: 22.76204pt x 22.75928pt.
 [3]
Overfull \hbox (14.6171pt too wide) in paragraph at lines 41--42
[]\T5/cmr/m/n/10 T˝ch hńp cęng ^^_«ng nhŞp HC-MUT_SSO v  ^^_çng bë dú li»u (chż
 ^^_ĺc) tř HC-MUT_DATACORE. 
 []

File: pictures/hcmut.png Graphic file (type png)
<use pictures/hcmut.png>
Package pdftex.def Info: pictures/hcmut.png  used on input line 54.
(pdftex.def)             Requested size: 22.76204pt x 22.75928pt.
[4]) (sections/func_req.tex
File: pictures/hcmut.png Graphic file (type png)
<use pictures/hcmut.png>
Package pdftex.def Info: pictures/hcmut.png  used on input line 1.
(pdftex.def)             Requested size: 22.76204pt x 22.75928pt.
 [5]
<pictures/whole_system_UCD.drawio.png, id=307, 1023.825pt x 1025.8325pt>
File: pictures/whole_system_UCD.drawio.png Graphic file (type png)
<use pictures/whole_system_UCD.drawio.png>
Package pdftex.def Info: pictures/whole_system_UCD.drawio.png  used on input li
ne 9.
(pdftex.def)             Requested size: 467.04745pt x 467.95981pt.

Overfull \hbox (42.46121pt too wide) in paragraph at lines 9--10
 [][] 
 []

File: pictures/hcmut.png Graphic file (type png)
<use pictures/hcmut.png>
Package pdftex.def Info: pictures/hcmut.png  used on input line 17.
(pdftex.def)             Requested size: 22.76204pt x 22.75928pt.
[6 <./pictures/whole_system_UCD.drawio.png>]
<pictures/UCD_Task5.png, id=315, 984.67876pt x 793.96625pt>
File: pictures/UCD_Task5.png Graphic file (type png)
<use pictures/UCD_Task5.png>
Package pdftex.def Info: pictures/UCD_Task5.png  used on input line 21.
(pdftex.def)             Requested size: 467.04745pt x 376.59271pt.

Overfull \hbox (42.46121pt too wide) in paragraph at lines 21--22
 [][] 
 []


Underfull \hbox (badness 10000) in paragraph at lines 28--30

 []

File: pictures/hcmut.png Graphic file (type png)
<use pictures/hcmut.png>
Package pdftex.def Info: pictures/hcmut.png  used on input line 58.
(pdftex.def)             Requested size: 22.76204pt x 22.75928pt.
[7 <./pictures/UCD_Task5.png>]
File: pictures/hcmut.png Graphic file (type png)
<use pictures/hcmut.png>
Package pdftex.def Info: pictures/hcmut.png  used on input line 60.
(pdftex.def)             Requested size: 22.76204pt x 22.75928pt.
 [8]
Underfull \hbox (badness 10000) in paragraph at lines 61--63

 []

File: pictures/hcmut.png Graphic file (type png)
<use pictures/hcmut.png>
Package pdftex.def Info: pictures/hcmut.png  used on input line 91.
(pdftex.def)             Requested size: 22.76204pt x 22.75928pt.
[9]
Underfull \hbox (badness 10000) in paragraph at lines 92--94

 []

File: pictures/hcmut.png Graphic file (type png)
<use pictures/hcmut.png>
Package pdftex.def Info: pictures/hcmut.png  used on input line 122.
(pdftex.def)             Requested size: 22.76204pt x 22.75928pt.
[10]
<pictures/task1_usecase_diagram.png, id=341, 1131.22626pt x 440.64626pt>
File: pictures/task1_usecase_diagram.png Graphic file (type png)
<use pictures/task1_usecase_diagram.png>
Package pdftex.def Info: pictures/task1_usecase_diagram.png  used on input line
 132.
(pdftex.def)             Requested size: 467.04745pt x 181.92346pt.

Overfull \hbox (42.46121pt too wide) in paragraph at lines 132--133
 [][] 
 []


Underfull \hbox (badness 10000) in paragraph at lines 139--141

 []


Underfull \hbox (badness 1728) in paragraph at lines 171--171
[]|\T5/cmr/m/n/10 Ng÷íi dňng câ th´ ^^_ŕnh danh hńp l» ^^_˘ ^^_÷ńc ^^_çng bë tř
 HC-
 []


Underfull \hbox (badness 10000) in paragraph at lines 171--171

 []

ignored error: Infinite glue shrinkage found in box being split
File: pictures/hcmut.png Graphic file (type png)
<use pictures/hcmut.png>
Package pdftex.def Info: pictures/hcmut.png  used on input line 171.
(pdftex.def)             Requested size: 22.76204pt x 22.75928pt.
 [11 <./pictures/task1_usecase_diagram.png (PNG copy)>]
Underfull \hbox (badness 10000) in paragraph at lines 173--175

 []

ignored error: Infinite glue shrinkage found in box being split
File: pictures/hcmut.png Graphic file (type png)
<use pictures/hcmut.png>
Package pdftex.def Info: pictures/hcmut.png  used on input line 208.
(pdftex.def)             Requested size: 22.76204pt x 22.75928pt.
 [12]
Underfull \hbox (badness 10000) in paragraph at lines 210--212

 []


Underfull \hbox (badness 10000) in paragraph at lines 247--249

 []

ignored error: Infinite glue shrinkage found in box being split
File: pictures/hcmut.png Graphic file (type png)
<use pictures/hcmut.png>
Package pdftex.def Info: pictures/hcmut.png  used on input line 281.
(pdftex.def)             Requested size: 22.76204pt x 22.75928pt.
 [13]
<pictures/UCD_Task2.png, id=363, 722.7pt x 332.442pt>
File: pictures/UCD_Task2.png Graphic file (type png)
<use pictures/UCD_Task2.png>
Package pdftex.def Info: pictures/UCD_Task2.png  used on input line 290.
(pdftex.def)             Requested size: 509.50218pt x 234.37163pt.

Overfull \hbox (84.91594pt too wide) in paragraph at lines 290--291
 [][] 
 []

File: pictures/hcmut.png Graphic file (type png)
<use pictures/hcmut.png>
Package pdftex.def Info: pictures/hcmut.png  used on input line 294.
(pdftex.def)             Requested size: 22.76204pt x 22.75928pt.
[14]
Underfull \hbox (badness 10000) in paragraph at lines 296--298

 []

ignored error: Infinite glue shrinkage found in box being split
File: pictures/hcmut.png Graphic file (type png)
<use pictures/hcmut.png>
Package pdftex.def Info: pictures/hcmut.png  used on input line 326.
(pdftex.def)             Requested size: 22.76204pt x 22.75928pt.
 [15 <./pictures/UCD_Task2.png>]
Underfull \hbox (badness 10000) in paragraph at lines 328--330

 []


Underfull \hbox (badness 10000) in paragraph at lines 360--362

 []

ignored error: Infinite glue shrinkage found in box being split
File: pictures/hcmut.png Graphic file (type png)
<use pictures/hcmut.png>
Package pdftex.def Info: pictures/hcmut.png  used on input line 390.
(pdftex.def)             Requested size: 22.76204pt x 22.75928pt.
 [16]
<pictures/task3_uc_diagram.png, id=384, 1843.88875pt x 478.78876pt>
File: pictures/task3_uc_diagram.png Graphic file (type png)
<use pictures/task3_uc_diagram.png>
Package pdftex.def Info: pictures/task3_uc_diagram.png  used on input line 399.

(pdftex.def)             Requested size: 488.27158pt x 126.78343pt.

Overfull \hbox (63.68533pt too wide) in paragraph at lines 399--400
 [][] 
 []

File: pictures/hcmut.png Graphic file (type png)
<use pictures/hcmut.png>
Package pdftex.def Info: pictures/hcmut.png  used on input line 403.
(pdftex.def)             Requested size: 22.76204pt x 22.75928pt.
[17]
File: pictures/hcmut.png Graphic file (type png)
<use pictures/hcmut.png>
Package pdftex.def Info: pictures/hcmut.png  used on input line 404.
(pdftex.def)             Requested size: 22.76204pt x 22.75928pt.
 [18 <./pictures/task3_uc_diagram.png (PNG copy)>]
Underfull \hbox (badness 10000) in paragraph at lines 406--408

 []


Underfull \hbox (badness 10000) in paragraph at lines 444--446

 []

ignored error: Infinite glue shrinkage found in box being split
File: pictures/hcmut.png Graphic file (type png)
<use pictures/hcmut.png>
Package pdftex.def Info: pictures/hcmut.png  used on input line 482.
(pdftex.def)             Requested size: 22.76204pt x 22.75928pt.
 [19]
Underfull \hbox (badness 10000) in paragraph at lines 484--486

 []

File: pictures/hcmut.png Graphic file (type png)
<use pictures/hcmut.png>
Package pdftex.def Info: pictures/hcmut.png  used on input line 527.
(pdftex.def)             Requested size: 22.76204pt x 22.75928pt.
[20]
<pictures/UCD_Task4.jpg, id=410, 898.35625pt x 703.62875pt>
File: pictures/UCD_Task4.jpg Graphic file (type jpg)
<use pictures/UCD_Task4.jpg>
Package pdftex.def Info: pictures/UCD_Task4.jpg  used on input line 531.
(pdftex.def)             Requested size: 488.27158pt x 382.43399pt.

Overfull \hbox (63.68533pt too wide) in paragraph at lines 531--532
 [][] 
 []


Underfull \hbox (badness 10000) in paragraph at lines 538--540

 []

File: pictures/hcmut.png Graphic file (type png)
<use pictures/hcmut.png>
Package pdftex.def Info: pictures/hcmut.png  used on input line 576.
(pdftex.def)             Requested size: 22.76204pt x 22.75928pt.
[21 <./pictures/UCD_Task4.jpg>]
Underfull \hbox (badness 10000) in paragraph at lines 578--580

 []

ignored error: Infinite glue shrinkage found in box being split
File: pictures/hcmut.png Graphic file (type png)
<use pictures/hcmut.png>
Package pdftex.def Info: pictures/hcmut.png  used on input line 614.
(pdftex.def)             Requested size: 22.76204pt x 22.75928pt.
 [22]
Underfull \hbox (badness 10000) in paragraph at lines 616--618

 []

ignored error: Infinite glue shrinkage found in box being split
File: pictures/hcmut.png Graphic file (type png)
<use pictures/hcmut.png>
Package pdftex.def Info: pictures/hcmut.png  used on input line 657.
(pdftex.def)             Requested size: 22.76204pt x 22.75928pt.
 [23]
File: pictures/hcmut.png Graphic file (type png)
<use pictures/hcmut.png>
Package pdftex.def Info: pictures/hcmut.png  used on input line 659.
(pdftex.def)             Requested size: 22.76204pt x 22.75928pt.
 [24]
Underfull \hbox (badness 10000) in paragraph at lines 660--662

 []

File: pictures/hcmut.png Graphic file (type png)
<use pictures/hcmut.png>
Package pdftex.def Info: pictures/hcmut.png  used on input line 694.
(pdftex.def)             Requested size: 22.76204pt x 22.75928pt.
[25]
Underfull \hbox (badness 10000) in paragraph at lines 695--697

 []

<pictures/se_nonin.drawio.png, id=443, 1511.6475pt x 773.89125pt>
File: pictures/se_nonin.drawio.png Graphic file (type png)
<use pictures/se_nonin.drawio.png>
Package pdftex.def Info: pictures/se_nonin.drawio.png  used on input line 740.
(pdftex.def)             Requested size: 488.27158pt x 249.96474pt.

Overfull \hbox (63.68533pt too wide) in paragraph at lines 740--741
 [][] 
 []

File: pictures/hcmut.png Graphic file (type png)
<use pictures/hcmut.png>
Package pdftex.def Info: pictures/hcmut.png  used on input line 744.
(pdftex.def)             Requested size: 22.76204pt x 22.75928pt.
[26]
File: pictures/hcmut.png Graphic file (type png)
<use pictures/hcmut.png>
Package pdftex.def Info: pictures/hcmut.png  used on input line 746.
(pdftex.def)             Requested size: 22.76204pt x 22.75928pt.
 [27 <./pictures/se_nonin.drawio.png>]
Underfull \hbox (badness 10000) in paragraph at lines 747--749

 []


Underfull \hbox (badness 1194) in paragraph at lines 785--785
[]\T5/cmr/m/n/10 2. Gate-way gűi HTTP GET Re-quest (chż ^^_ĺc) ^^_¸n API cőa HC
-
 []


Underfull \hbox (badness 10000) in paragraph at lines 787--789

 []

ignored error: Infinite glue shrinkage found in box being split
File: pictures/hcmut.png Graphic file (type png)
<use pictures/hcmut.png>
Package pdftex.def Info: pictures/hcmut.png  used on input line 821.
(pdftex.def)             Requested size: 22.76204pt x 22.75928pt.
 [28]
Underfull \hbox (badness 10000) in paragraph at lines 823--825

 []

ignored error: Infinite glue shrinkage found in box being split
File: pictures/hcmut.png Graphic file (type png)
<use pictures/hcmut.png>
Package pdftex.def Info: pictures/hcmut.png  used on input line 857.
(pdftex.def)             Requested size: 22.76204pt x 22.75928pt.
 [29]
Underfull \hbox (badness 10000) in paragraph at lines 860--862

 []

<pictures/non_in2.png, id=471, 735.34724pt x 413.1435pt>
File: pictures/non_in2.png Graphic file (type png)
<use pictures/non_in2.png>
Package pdftex.def Info: pictures/non_in2.png  used on input line 900.
(pdftex.def)             Requested size: 488.27158pt x 274.3272pt.

Overfull \hbox (63.68533pt too wide) in paragraph at lines 900--901
 [][] 
 []

File: pictures/hcmut.png Graphic file (type png)
<use pictures/hcmut.png>
Package pdftex.def Info: pictures/hcmut.png  used on input line 904.
(pdftex.def)             Requested size: 22.76204pt x 22.75928pt.
[30]
Underfull \hbox (badness 10000) in paragraph at lines 907--909

 []

ignored error: Infinite glue shrinkage found in box being split
File: pictures/hcmut.png Graphic file (type png)
<use pictures/hcmut.png>
Package pdftex.def Info: pictures/hcmut.png  used on input line 937.
(pdftex.def)             Requested size: 22.76204pt x 22.75928pt.
 [31 <./pictures/non_in2.png>]
File: pictures/hcmut.png Graphic file (type png)
<use pictures/hcmut.png>
Package pdftex.def Info: pictures/hcmut.png  used on input line 939.
(pdftex.def)             Requested size: 22.76204pt x 22.75928pt.
 [32]
Underfull \hbox (badness 10000) in paragraph at lines 940--942

 []


Underfull \hbox (badness 10000) in paragraph at lines 974--976

 []

ignored error: Infinite glue shrinkage found in box being split
File: pictures/hcmut.png Graphic file (type png)
<use pictures/hcmut.png>
Package pdftex.def Info: pictures/hcmut.png  used on input line 1006.
(pdftex.def)             Requested size: 22.76204pt x 22.75928pt.
 [33])
(sections/non_func_req.tex
File: pictures/hcmut.png Graphic file (type png)
<use pictures/hcmut.png>
Package pdftex.def Info: pictures/hcmut.png  used on input line 1.
(pdftex.def)             Requested size: 22.76204pt x 22.75928pt.
 [34]
File: pictures/hcmut.png Graphic file (type png)
<use pictures/hcmut.png>
Package pdftex.def Info: pictures/hcmut.png  used on input line 46.
(pdftex.def)             Requested size: 22.76204pt x 22.75928pt.
 [35]
Overfull \hbox (7.67972pt too wide) in paragraph at lines 50--51
[]\T5/cmr/m/n/10 K¸t nči giúa IoT-SPMS v  BKPay phŁi sű döng chú kţ ^^_i»n tű (
Dig-i-tal Sig-na-ture/HMAC)
 []

) (sections/UI_mockup.tex
File: pictures/hcmut.png Graphic file (type png)
<use pictures/hcmut.png>
Package pdftex.def Info: pictures/hcmut.png  used on input line 1.
(pdftex.def)             Requested size: 22.76204pt x 22.75928pt.
 [36]) (sections/act_diagram.tex
File: pictures/hcmut.png Graphic file (type png)
<use pictures/hcmut.png>
Package pdftex.def Info: pictures/hcmut.png  used on input line 1.
(pdftex.def)             Requested size: 22.76204pt x 22.75928pt.
 [37]
<pictures/act_diagram/login_act.drawio.png, id=523, 939.51pt x 1398.22375pt>
File: pictures/act_diagram/login_act.drawio.png Graphic file (type png)
<use pictures/act_diagram/login_act.drawio.png>
Package pdftex.def Info: pictures/act_diagram/login_act.drawio.png  used on inp
ut line 9.
(pdftex.def)             Requested size: 339.67029pt x 505.51503pt.
File: pictures/hcmut.png Graphic file (type png)
<use pictures/hcmut.png>
Package pdftex.def Info: pictures/hcmut.png  used on input line 14.
(pdftex.def)             Requested size: 22.76204pt x 22.75928pt.
 [38 <./pictures/act_diagram/login_act.drawio.png>]
<pictures/act_diagram/sync_act.drawio.png, id=531, 844.15375pt x 1157.32375pt>
File: pictures/act_diagram/sync_act.drawio.png Graphic file (type png)
<use pictures/act_diagram/sync_act.drawio.png>
Package pdftex.def Info: pictures/act_diagram/sync_act.drawio.png  used on inpu
t line 18.
(pdftex.def)             Requested size: 339.67029pt x 465.69382pt.
File: pictures/hcmut.png Graphic file (type png)
<use pictures/hcmut.png>
Package pdftex.def Info: pictures/hcmut.png  used on input line 23.
(pdftex.def)             Requested size: 22.76204pt x 22.75928pt.
 [39 <./pictures/act_diagram/sync_act.drawio.png>]
<pictures/act_diagram/useraccess_act.drawio.png, id=539, 874.26625pt x 1157.323
75pt>
File: pictures/act_diagram/useraccess_act.drawio.png Graphic file (type png)
<use pictures/act_diagram/useraccess_act.drawio.png>
Package pdftex.def Info: pictures/act_diagram/useraccess_act.drawio.png  used o
n input line 27.
(pdftex.def)             Requested size: 339.67029pt x 449.6415pt.
<pictures/act_diagram/enter_parking_act.png, id=540, 3123.67pt x 1449.415pt>
File: pictures/act_diagram/enter_parking_act.png Graphic file (type png)
<use pictures/act_diagram/enter_parking_act.png>
Package pdftex.def Info: pictures/act_diagram/enter_parking_act.png  used on in
put line 38.
(pdftex.def)             Requested size: 339.67029pt x 157.6005pt.
File: pictures/hcmut.png Graphic file (type png)
<use pictures/hcmut.png>
Package pdftex.def Info: pictures/hcmut.png  used on input line 42.
(pdftex.def)             Requested size: 22.76204pt x 22.75928pt.
 [40 <./pictures/act_diagram/useraccess_act.drawio.png>]
File: pictures/hcmut.png Graphic file (type png)
<use pictures/hcmut.png>
Package pdftex.def Info: pictures/hcmut.png  used on input line 43.
(pdftex.def)             Requested size: 22.76204pt x 22.75928pt.
 [41 <./pictures/act_diagram/enter_parking_act.png>]
<pictures/act_diagram/exit_parking_act.png, id=556, 3648.63126pt x 1557.82pt>
File: pictures/act_diagram/exit_parking_act.png Graphic file (type png)
<use pictures/act_diagram/exit_parking_act.png>
Package pdftex.def Info: pictures/act_diagram/exit_parking_act.png  used on inp
ut line 47.
(pdftex.def)             Requested size: 339.67029pt x 145.02313pt.
File: pictures/hcmut.png Graphic file (type png)
<use pictures/hcmut.png>
Package pdftex.def Info: pictures/hcmut.png  used on input line 52.
(pdftex.def)             Requested size: 22.76204pt x 22.75928pt.
 [42 <./pictures/act_diagram/exit_parking_act.png>]
<pictures/act_diagram/temp_ticket_act.png, id=564, 3065.4525pt x 1165.35374pt>
File: pictures/act_diagram/temp_ticket_act.png Graphic file (type png)
<use pictures/act_diagram/temp_ticket_act.png>
Package pdftex.def Info: pictures/act_diagram/temp_ticket_act.png  used on inpu
t line 56.
(pdftex.def)             Requested size: 339.67029pt x 129.11395pt.
File: pictures/hcmut.png Graphic file (type png)
<use pictures/hcmut.png>
Package pdftex.def Info: pictures/hcmut.png  used on input line 61.
(pdftex.def)             Requested size: 22.76204pt x 22.75928pt.
 [43 <./pictures/act_diagram/temp_ticket_act.png>]
<pictures/act_diagram/off_ctrl_act.png, id=572, 2334.7225pt x 1129.21875pt>
File: pictures/act_diagram/off_ctrl_act.png Graphic file (type png)
<use pictures/act_diagram/off_ctrl_act.png>
Package pdftex.def Info: pictures/act_diagram/off_ctrl_act.png  used on input l
ine 65.
(pdftex.def)             Requested size: 339.67029pt x 164.27528pt.
File: pictures/hcmut.png Graphic file (type png)
<use pictures/hcmut.png>
Package pdftex.def Info: pictures/hcmut.png  used on input line 72.
(pdftex.def)             Requested size: 22.76204pt x 22.75928pt.
 [44 <./pictures/act_diagram/off_ctrl_act.png>]
<pictures/act_diagram/Price_Setting_act.jpg, id=580, 689.57625pt x 1378.14874pt
>
File: pictures/act_diagram/Price_Setting_act.jpg Graphic file (type jpg)
<use pictures/act_diagram/Price_Setting_act.jpg>
Package pdftex.def Info: pictures/act_diagram/Price_Setting_act.jpg  used on in
put line 78.
(pdftex.def)             Requested size: 254.75433pt x 509.12898pt.
) (sections/seq_diagram.tex
File: pictures/hcmut.png Graphic file (type png)
<use pictures/hcmut.png>
Package pdftex.def Info: pictures/hcmut.png  used on input line 1.
(pdftex.def)             Requested size: 22.76204pt x 22.75928pt.
 [45 <./pictures/act_diagram/Price_Setting_act.jpg>]
<pictures/seq_diagram/Enter_parking_ID.png, id=588, 8222.72pt x 5698.28876pt>
File: pictures/seq_diagram/Enter_parking_ID.png Graphic file (type png)
<use pictures/seq_diagram/Enter_parking_ID.png>
Package pdftex.def Info: pictures/seq_diagram/Enter_parking_ID.png  used on inp
ut line 9.
(pdftex.def)             Requested size: 339.67029pt x 235.37033pt.
File: pictures/hcmut.png Graphic file (type png)
<use pictures/hcmut.png>
Package pdftex.def Info: pictures/hcmut.png  used on input line 14.
(pdftex.def)             Requested size: 22.76204pt x 22.75928pt.
 [46 <./pictures/seq_diagram/Enter_parking_ID.png>]
<pictures/seq_diagram/Exit_parking_ID.png, id=596, 8221.71625pt x 6678.9525pt>
File: pictures/seq_diagram/Exit_parking_ID.png Graphic file (type png)
<use pictures/seq_diagram/Exit_parking_ID.png>
Package pdftex.def Info: pictures/seq_diagram/Exit_parking_ID.png  used on inpu
t line 18.
(pdftex.def)             Requested size: 339.67029pt x 275.87708pt.
File: pictures/hcmut.png Graphic file (type png)
<use pictures/hcmut.png>
Package pdftex.def Info: pictures/hcmut.png  used on input line 23.
(pdftex.def)             Requested size: 22.76204pt x 22.75928pt.

[47 <./pictures/seq_diagram/Exit_parking_ID.png>]
<pictures/seq_diagram/Issue_Temporary_Ticket.png, id=605, 8222.72pt x 5645.09pt
>
File: pictures/seq_diagram/Issue_Temporary_Ticket.png Graphic file (type png)
<use pictures/seq_diagram/Issue_Temporary_Ticket.png>
Package pdftex.def Info: pictures/seq_diagram/Issue_Temporary_Ticket.png  used 
on input line 27.
(pdftex.def)             Requested size: 339.67029pt x 233.17293pt.
File: pictures/hcmut.png Graphic file (type png)
<use pictures/hcmut.png>
Package pdftex.def Info: pictures/hcmut.png  used on input line 32.
(pdftex.def)             Requested size: 22.76204pt x 22.75928pt.
 [48 <./pictures/seq_diagram/Issue_Temporary_Ticket.png>]
<pictures/seq_diagram/Offline_Access_Control_Mode.png, id=613, 8222.72pt x 4982
.615pt>
File: pictures/seq_diagram/Offline_Access_Control_Mode.png Graphic file (type p
ng)
<use pictures/seq_diagram/Offline_Access_Control_Mode.png>
Package pdftex.def Info: pictures/seq_diagram/Offline_Access_Control_Mode.png  
used on input line 36.
(pdftex.def)             Requested size: 339.67029pt x 205.80911pt.
File: pictures/hcmut.png Graphic file (type png)
<use pictures/hcmut.png>
Package pdftex.def Info: pictures/hcmut.png  used on input line 43.
(pdftex.def)             Requested size: 22.76204pt x 22.75928pt.
 [49 <./pictures/seq_diagram/Offline_Access_Control_Mode.png>]
<pictures/seq_diagram/Price_Setting.jpg, id=621, 1149.29375pt x 1398.22375pt>
File: pictures/seq_diagram/Price_Setting.jpg Graphic file (type jpg)
<use pictures/seq_diagram/Price_Setting.jpg>
Package pdftex.def Info: pictures/seq_diagram/Price_Setting.jpg  used on input 
line 49.
(pdftex.def)             Requested size: 382.12502pt x 464.8929pt.
) (sections/statechart_diagram.tex
File: pictures/hcmut.png Graphic file (type png)
<use pictures/hcmut.png>
Package pdftex.def Info: pictures/hcmut.png  used on input line 1.
(pdftex.def)             Requested size: 22.76204pt x 22.75928pt.
 [50 <./pictures/seq_diagram/Price_Setting.jpg>]
<pictures/state_diagram/enter_parking_states.png, id=629, 1596.96625pt x 1482.5
3876pt>
File: pictures/state_diagram/enter_parking_states.png Graphic file (type png)
<use pictures/state_diagram/enter_parking_states.png>
Package pdftex.def Info: pictures/state_diagram/enter_parking_states.png  used 
on input line 9.
(pdftex.def)             Requested size: 339.67029pt x 315.32375pt.
File: pictures/hcmut.png Graphic file (type png)
<use pictures/hcmut.png>
Package pdftex.def Info: pictures/hcmut.png  used on input line 14.
(pdftex.def)             Requested size: 22.76204pt x 22.75928pt.
 [51 <./pictures/state_diagram/enter_parking_states.png>]
<pictures/state_diagram/exit_parking_states.png, id=637, 1612.0225pt x 1580.906
25pt>
File: pictures/state_diagram/exit_parking_states.png Graphic file (type png)
<use pictures/state_diagram/exit_parking_states.png>
Package pdftex.def Info: pictures/state_diagram/exit_parking_states.png  used o
n input line 18.
(pdftex.def)             Requested size: 339.67029pt x 333.10976pt.
File: pictures/hcmut.png Graphic file (type png)
<use pictures/hcmut.png>
Package pdftex.def Info: pictures/hcmut.png  used on input line 23.
(pdftex.def)             Requested size: 22.76204pt x 22.75928pt.
 [52 <./pictures/state_diagram/exit_parking_states.png>]
<pictures/state_diagram/temp_ticket_states.png, id=645, 1825.82124pt x 1229.593
75pt>
File: pictures/state_diagram/temp_ticket_states.png Graphic file (type png)
<use pictures/state_diagram/temp_ticket_states.png>
Package pdftex.def Info: pictures/state_diagram/temp_ticket_states.png  used on
 input line 27.
(pdftex.def)             Requested size: 339.67029pt x 228.7471pt.
File: pictures/hcmut.png Graphic file (type png)
<use pictures/hcmut.png>
Package pdftex.def Info: pictures/hcmut.png  used on input line 32.
(pdftex.def)             Requested size: 22.76204pt x 22.75928pt.
 [53 <./pictures/state_diagram/temp_ticket_states.png>]
<pictures/state_diagram/off_control_states.png, id=654, 1164.35pt x 1355.0625pt
>
File: pictures/state_diagram/off_control_states.png Graphic file (type png)
<use pictures/state_diagram/off_control_states.png>
Package pdftex.def Info: pictures/state_diagram/off_control_states.png  used on
 input line 36.
(pdftex.def)             Requested size: 339.67029pt x 395.29451pt.
File: pictures/hcmut.png Graphic file (type png)
<use pictures/hcmut.png>
Package pdftex.def Info: pictures/hcmut.png  used on input line 43.
(pdftex.def)             Requested size: 22.76204pt x 22.75928pt.
 [54 <./pictures/state_diagram/off_control_states.png>]
<pictures/state_diagram/price_setting_states.jpg, id=662, 458.71375pt x 970.626
25pt>
File: pictures/state_diagram/price_setting_states.jpg Graphic file (type jpg)
<use pictures/state_diagram/price_setting_states.jpg>
Package pdftex.def Info: pictures/state_diagram/price_setting_states.jpg  used 
on input line 49.
(pdftex.def)             Requested size: 254.75433pt x 539.0594pt.
File: pictures/hcmut.png Graphic file (type png)
<use pictures/hcmut.png>
Package pdftex.def Info: pictures/hcmut.png  used on input line 54.
(pdftex.def)             Requested size: 22.76204pt x 22.75928pt.

[55 <./pictures/state_diagram/price_setting_states.jpg>]
<pictures/state_diagram/create_payment_states.jpg, id=670, 552.0625pt x 970.626
25pt>
File: pictures/state_diagram/create_payment_states.jpg Graphic file (type jpg)
<use pictures/state_diagram/create_payment_states.jpg>
Package pdftex.def Info: pictures/state_diagram/create_payment_states.jpg  used
 on input line 58.
(pdftex.def)             Requested size: 297.20906pt x 522.57527pt.
)
File: pictures/hcmut.png Graphic file (type png)
<use pictures/hcmut.png>
Package pdftex.def Info: pictures/hcmut.png  used on input line 189.
(pdftex.def)             Requested size: 22.76204pt x 22.75928pt.
 [56 <./pictures/state_diagram/create_payment_states.jpg>]
runsystem(latexminted cleantemp  --timestamp 20260412232551 FAD58DE7366495DB465
0CFEFAC2FCD61)...disabled (restricted).



enddocument/afterlastpage (AED): lastpage setting LastPage.
(main.aux)
 ***********
LaTeX2e <2025-11-01>
L3 programming layer <2025-12-24>
 ***********


LaTeX Warning: Label(s) may have changed. Rerun to get cross-references right.


Package rerunfilecheck Warning: File `main.out' has changed.
(rerunfilecheck)                Rerun to get outlines right
(rerunfilecheck)                or use package `bookmark'.

Package rerunfilecheck Info: Checksums for `main.out':
(rerunfilecheck)             Before: A8E6288AAD6CDF7B86EFDC57A040B215;9234
(rerunfilecheck)             After:  943C3F384E1BDB0AEA8813B2B15EE466;9185.
 ) 
Here is how much of TeX's memory you used:
 34435 strings out of 467871
 706573 string characters out of 5418376
 1231548 words of memory out of 5000000
 62507 multiletter control sequences out of 15000+600000
 642638 words of font info for 67 fonts, out of 8000000 for 9000
 1141 hyphenation exceptions out of 8191
 102i,25n,126p,1452b,762s stack positions out of 10000i,1000n,20000p,200000b,200000s
 <C:\Users\mtri1\AppData\Local\MiKTeX\fonts/pk/ljfour/jknappen/ec/dpi600\tcti
1000.pk> <C:\Users\mtri1\AppData\Local\MiKTeX\fonts/pk/ljfour/jknappen/ec/dpi60
0\tcrm1000.pk><C:/Users/mtri1/AppData/Local/Programs/MiKTeX/fonts/type1/vntex/v
nr/vnbx10.pfb><C:/Users/mtri1/AppData/Local/Programs/MiKTeX/fonts/type1/vntex/v
nr/vnbx12.pfb><C:/Users/mtri1/AppData/Local/Programs/MiKTeX/fonts/type1/vntex/v
nr/vnr10.pfb><C:/Users/mtri1/AppData/Local/Programs/MiKTeX/fonts/type1/vntex/vn
r/vnr12.pfb><C:/Users/mtri1/AppData/Local/Programs/MiKTeX/fonts/type1/vntex/vnr
/vnr8.pfb><C:/Users/mtri1/AppData/Local/Programs/MiKTeX/fonts/type1/vntex/vnr/v
nti10.pfb><C:/Users/mtri1/AppData/Local/Programs/MiKTeX/fonts/type1/vntex/vnr/v
ntt10.pfb><C:/Users/mtri1/AppData/Local/Programs/MiKTeX/fonts/type1/vntex/vnr/v
ntt8.pfb>
Output written on main.pdf (58 pages, 5399648 bytes).
PDF statistics:
 757 PDF objects out of 1000 (max. 8388607)
 166 named destinations out of 1000 (max. 500000)
 553 words of extra memory for PDF output out of 10000 (max. 10000000)

